\BOOKMARK [0][-]{chapter.2}{\376\377\000S\000o\000m\000m\000a\000r\000i\000o\000\040\000/\000\040\000A\000b\000s\000t\000r\000a\000c\000t\000\050\0001\000\040\000p\000a\000g\000i\000n\000a\000\051}{}% 1
\BOOKMARK [0][-]{chapter.3}{\376\377\000I\000n\000t\000r\000o\000d\000u\000c\000t\000i\000o\000n\000/\000\050\0005\000-\0001\0000\000\040\000p\000a\000g\000i\000n\000e\000\051}{}% 2
\BOOKMARK [1][-]{section.4}{\376\377\000G\000r\000a\000p\000h\000i\000c\000a\000l\000\040\000F\000r\000a\000g\000m\000e\000n\000t\000\040\000A\000s\000s\000e\000m\000b\000l\000y\000\040\000\050\000G\000F\000A\000\051\000\040\000F\000o\000r\000m\000a\000t\000\040\000S\000p\000e\000c\000i\000f\000i\000c\000a\000t\000i\000o\000n\000\040}{chapter.3}% 3
\BOOKMARK [1][-]{section.5}{\376\377\000V\000a\000r\000i\000a\000n\000t\000\040\000C\000a\000l\000l\000\040\000F\000o\000r\000m\000a\000t\000\040\000\050\000V\000C\000F\000\051\000\040}{chapter.3}% 4
\BOOKMARK [1][-]{section.6}{\376\377\000S\000i\000m\000u\000l\000a\000t\000i\000o\000n\000\040}{chapter.3}% 5
\BOOKMARK [1][-]{section.7}{\376\377\000A\000p\000p\000l\000i\000c\000a\000t\000i\000o\000n}{chapter.3}% 6
\BOOKMARK [0][-]{chapter.8}{\376\377\000R\000e\000s\000u\000l\000t\000s\000\040\000o\000f\000\040\000t\000h\000e\000\040\000R\000e\000s\000e\000a\000r\000c\000h\000\040\000G\000r\000o\000u\000p\000\040\000\050\0005\000-\0001\0000\000\040\000p\000a\000g\000i\000n\000e\000\051\000\040}{}% 7
\BOOKMARK [0][-]{chapter.9}{\376\377\000A\000i\000m\000s\000\040\000o\000f\000\040\000t\000h\000e\000\040\000t\000h\000e\000s\000i\000s\000/\000\050\0001\000-\0002\000\040\000p\000a\000g\000i\000n\000e\000\051}{}% 8
\BOOKMARK [0][-]{chapter.10}{\376\377\000R\000e\000s\000u\000l\000t\000s\000\040\000a\000c\000h\000i\000e\000v\000e\000d\000\040\000b\000y\000\040\000t\000h\000e\000\040\000C\000a\000n\000d\000i\000d\000a\000t\000e\000\050\0005\000-\0002\0000\000\040\000p\000a\000g\000i\000n\000e\000\051}{}% 9
\BOOKMARK [1][-]{section.11}{\376\377\000F\000r\000o\000m\000\040\000G\000r\000a\000p\000h\000i\000c\000a\000l\000\040\000F\000r\000a\000g\000m\000e\000n\000t\000\040\000A\000s\000s\000e\000m\000b\000l\000y\000\040\000\050\000G\000F\000A\000\051\000\040\000f\000o\000r\000m\000a\000t\000\040\000t\000o\000\040\000V\000C\000F}{chapter.10}% 10
\BOOKMARK [1][-]{section.13}{\376\377\000I\000d\000e\000n\000t\000i\000f\000i\000c\000a\000t\000i\000o\000n\000\040\000o\000f\000\040\000e\000u\000p\000l\000o\000i\000d\000\040\000s\000a\000m\000p\000l\000e\000s\000\040\000f\000o\000r\000\040\000g\000e\000n\000e\000t\000i\000c\000\040\000a\000n\000a\000l\000y\000s\000e\000s}{chapter.10}% 11
\BOOKMARK [1][-]{section.17}{\376\377\000A\000n\000a\000l\000y\000s\000i\000s\000\040\000o\000f\000\040\000w\000h\000o\000l\000e\000-\000g\000e\000n\000o\000m\000e\000\040\000s\000e\000q\000u\000e\000n\000c\000e\000\040\000o\000f\000\040\000e\000m\000b\000r\000y\000o\000s\000\040\000f\000r\000o\000m\000\040\000p\000r\000e\000g\000n\000a\000n\000c\000y\000\040\000l\000o\000s\000s}{chapter.10}% 12
\BOOKMARK [2][-]{subsection.18}{\376\377\000P\000i\000p\000e\000l\000i\000n\000e\000\040\000f\000o\000r\000\040\000t\000h\000e\000\040\000i\000d\000e\000n\000t\000i\000f\000i\000c\000a\000t\000i\000o\000n\000\040\000o\000f\000\040\000g\000e\000n\000e\000t\000i\000c\000\040\000v\000a\000r\000i\000a\000n\000t\000s}{section.17}% 13
\BOOKMARK [2][-]{subsection.23}{\376\377\000F\000u\000n\000c\000t\000i\000o\000n\000a\000l\000\040\000a\000n\000n\000o\000t\000a\000t\000i\000o\000n\000\040\000o\000f\000\040\000g\000e\000n\000e\000t\000i\000c\000\040\000v\000a\000r\000i\000a\000n\000t\000s}{section.17}% 14
\BOOKMARK [2][-]{subsection.25}{\376\377\000I\000d\000e\000n\000t\000i\000f\000i\000c\000a\000t\000i\000o\000n\000\040\000o\000f\000\040\000c\000a\000u\000s\000a\000t\000i\000v\000e\000\040\000v\000a\000r\000i\000a\000n\000t\000s\000\040}{section.17}% 15
\BOOKMARK [3][-]{section*.26}{\376\377\000D\000e\000v\000e\000l\000o\000p\000m\000e\000n\000t\000\040\000o\000f\000\040\000a\000\040\000p\000i\000p\000e\000l\000i\000n\000e\000\040\000f\000o\000r\000\040\000v\000a\000r\000i\000a\000n\000t\000\040\000p\000r\000i\000o\000r\000i\000t\000i\000z\000a\000t\000i\000o\000n}{subsection.25}% 16
\BOOKMARK [3][-]{section*.27}{\376\377\000I\000d\000e\000n\000t\000i\000f\000i\000c\000a\000t\000i\000o\000n\000\040\000o\000f\000\040\000p\000u\000t\000a\000t\000i\000v\000e\000l\000y\000\040\000d\000e\000t\000r\000i\000m\000e\000n\000t\000a\000l\000\040\000v\000a\000r\000i\000a\000n\000t\000s\000\040\000i\000n\000\040\000t\000h\000e\000\040\000A\000H\000N\000A\000K\0002\000\040\000g\000e\000n\000e\000\040\000b\000y\000\040\000r\000a\000w\000\040\000f\000i\000l\000t\000e\000r\000i\000n\000g\000\040\000o\000f\000\040\000a\000n\000n\000o\000t\000a\000t\000e\000d\000\040\000v\000a\000r\000i\000a\000n\000t\000s}{subsection.25}% 17
\BOOKMARK [3][-]{section*.28}{\376\377\000I\000d\000e\000n\000t\000i\000f\000i\000c\000a\000t\000i\000o\000n\000\040\000o\000f\000\040\000p\000u\000t\000a\000t\000i\000v\000e\000l\000y\000\040\000d\000e\000t\000r\000i\000m\000e\000n\000t\000a\000l\000\040\000v\000a\000r\000i\000a\000n\000t\000s\000\040\000i\000n\000\040\000t\000h\000e\000\040\000L\000A\000M\000A\0005\000\040\000g\000e\000n\000e\000\040\000b\000y\000\040\000r\000a\000n\000k\000i\000n\000g\000\040\000o\000f\000\040\000a\000n\000n\000o\000t\000a\000t\000e\000d\000\040\000v\000a\000r\000i\000a\000n\000t\000s}{subsection.25}% 18
\BOOKMARK [2][-]{subsection.35}{\376\377\000O\000v\000e\000r\000l\000a\000p\000p\000i\000n\000g\000.}{section.17}% 19
\BOOKMARK [0][-]{chapter.38}{\376\377\000C\000o\000n\000c\000l\000u\000s\000i\000o\000n\000s\000\040\000a\000n\000d\000\040\000F\000u\000t\000u\000r\000e\000\040\000P\000e\000r\000s\000p\000e\000c\000t\000i\000v\000e\000s\000\050\0003\000-\0006\000\040\000p\000a\000g\000i\000n\000e\000\051}{}% 20
\BOOKMARK [0][-]{chapter.39}{\376\377\000M\000a\000t\000e\000r\000i\000a\000l\000s\000\040\000a\000n\000d\000\040\000M\000e\000t\000h\000o\000d\000s\000\050\0005\000-\0001\0000\000\040\000p\000a\000g\000i\000n\000e\000\051}{}% 21
\BOOKMARK [1][-]{section.40}{\376\377\000E\000x\000p\000l\000o\000r\000e\000\040\000l\000i\000t\000t\000l\000e\000\040\000g\000r\000a\000p\000h\000\040\000a\000n\000d\000\040\000d\000e\000t\000e\000c\000t\000i\000o\000n\000\040\000b\000u\000b\000b\000l\000e}{chapter.39}% 22
\BOOKMARK [1][-]{section.41}{\376\377\000E\000x\000p\000l\000o\000r\000e\000\040\000l\000a\000r\000g\000e\000\040\000g\000r\000a\000p\000h\000\040}{chapter.39}% 23
\BOOKMARK [1][-]{section.42}{\376\377\000W\000h\000o\000l\000e\000-\000g\000e\000n\000o\000m\000e\000\040\000s\000e\000q\000u\000e\000n\000c\000e\000\040\000a\000n\000a\000l\000y\000s\000e\000s}{chapter.39}% 24
\BOOKMARK [2][-]{subsection.43}{\376\377\000S\000e\000q\000u\000e\000n\000c\000i\000n\000g}{section.42}% 25
\BOOKMARK [2][-]{subsection.44}{\376\377\000A\000l\000i\000g\000n\000m\000e\000n\000t\000\040\000w\000i\000t\000h\000\040\000r\000e\000f\000e\000r\000e\000n\000c\000e\000.}{section.42}% 26
\BOOKMARK [0][-]{section*.45}{\376\377\000A\000c\000k\000n\000o\000w\000l\000e\000d\000g\000e\000m\000e\000n\000t\000s}{}% 27
