This is pdfTeX, Version 3.14159265-2.6-1.40.20 (TeX Live 2019/Debian) (preloaded format=pdflatex 2020.2.2)  3 MAR 2020 12:00
entering extended mode
 restricted \write18 enabled.
 %&-line parsing enabled.
**main
(./main.tex
LaTeX2e <2018-12-01>
(./MastersDoctoralThesisV2.cls

LaTeX Warning: You have requested document class `MastersDoctoralThesisV2',
               but the document class provides `MastersDoctoralThesis'.

Document Class: MastersDoctoralThesis 2016/11/22 v1.5 LaTeXTemplates.com
(/usr/share/texlive/texmf-dist/tex/latex/etoolbox/etoolbox.sty
Package: etoolbox 2018/08/19 v2.5f e-TeX tools for LaTeX (JAW)
\etb@tempcnta=\count80
)
(/usr/share/texlive/texmf-dist/tex/latex/l3packages/xparse/xparse.sty
(/usr/share/texlive/texmf-dist/tex/latex/l3kernel/expl3.sty
Package: expl3 2019-07-01 L3 programming layer (loader) 

(/usr/share/texlive/texmf-dist/tex/latex/l3kernel/expl3-code.tex
Package: expl3 2019-07-01 L3 programming layer (code)
\c_max_int=\count81
\l_tmpa_int=\count82
\l_tmpb_int=\count83
\g_tmpa_int=\count84
\g_tmpb_int=\count85
\g__kernel_prg_map_int=\count86
\c__ior_term_ior=\count87
\c_log_iow=\count88
\l_iow_line_count_int=\count89
\l__iow_line_target_int=\count90
\l__iow_one_indent_int=\count91
\l__iow_indent_int=\count92
\c_zero_dim=\dimen102
\c_max_dim=\dimen103
\l_tmpa_dim=\dimen104
\l_tmpb_dim=\dimen105
\g_tmpa_dim=\dimen106
\g_tmpb_dim=\dimen107
\c_zero_skip=\skip41
\c_max_skip=\skip42
\l_tmpa_skip=\skip43
\l_tmpb_skip=\skip44
\g_tmpa_skip=\skip45
\g_tmpb_skip=\skip46
\c_zero_muskip=\muskip10
\c_max_muskip=\muskip11
\l_tmpa_muskip=\muskip12
\l_tmpb_muskip=\muskip13
\g_tmpa_muskip=\muskip14
\g_tmpb_muskip=\muskip15
\l_keys_choice_int=\count93
\l__intarray_loop_int=\count94
\c__intarray_sp_dim=\dimen108
\g__intarray_font_int=\count95
\c__fp_leading_shift_int=\count96
\c__fp_middle_shift_int=\count97
\c__fp_trailing_shift_int=\count98
\c__fp_big_leading_shift_int=\count99
\c__fp_big_middle_shift_int=\count100
\c__fp_big_trailing_shift_int=\count101
\c__fp_Bigg_leading_shift_int=\count102
\c__fp_Bigg_middle_shift_int=\count103
\c__fp_Bigg_trailing_shift_int=\count104
\c__kernel_randint_max_int=\count105
\g__fp_array_int=\count106
\l__fp_array_loop_int=\count107
\l__sort_length_int=\count108
\l__sort_min_int=\count109
\l__sort_top_int=\count110
\l__sort_max_int=\count111
\l__sort_true_max_int=\count112
\l__sort_block_int=\count113
\l__sort_begin_int=\count114
\l__sort_end_int=\count115
\l__sort_A_int=\count116
\l__sort_B_int=\count117
\l__sort_C_int=\count118
\l__str_internal_int=\count119
\c__str_replacement_char_int=\count120
\l__tl_analysis_normal_int=\count121
\l__tl_analysis_index_int=\count122
\l__tl_analysis_nesting_int=\count123
\l__tl_analysis_type_int=\count124
\l__regex_internal_a_int=\count125
\l__regex_internal_b_int=\count126
\l__regex_internal_c_int=\count127
\l__regex_balance_int=\count128
\l__regex_group_level_int=\count129
\l__regex_mode_int=\count130
\c__regex_cs_in_class_mode_int=\count131
\c__regex_cs_mode_int=\count132
\l__regex_catcodes_int=\count133
\l__regex_default_catcodes_int=\count134
\c__regex_catcode_D_int=\count135
\c__regex_catcode_S_int=\count136
\c__regex_catcode_L_int=\count137
\c__regex_catcode_O_int=\count138
\c__regex_catcode_A_int=\count139
\c__regex_all_catcodes_int=\count140
\l__regex_show_lines_int=\count141
\l__regex_min_state_int=\count142
\l__regex_max_state_int=\count143
\l__regex_left_state_int=\count144
\l__regex_right_state_int=\count145
\l__regex_capturing_group_int=\count146
\l__regex_min_pos_int=\count147
\l__regex_max_pos_int=\count148
\l__regex_curr_pos_int=\count149
\l__regex_start_pos_int=\count150
\l__regex_success_pos_int=\count151
\l__regex_curr_char_int=\count152
\l__regex_curr_catcode_int=\count153
\l__regex_last_char_int=\count154
\l__regex_case_changed_char_int=\count155
\l__regex_curr_state_int=\count156
\l__regex_step_int=\count157
\l__regex_min_active_int=\count158
\l__regex_max_active_int=\count159
\l__regex_replacement_csnames_int=\count160
\l__regex_match_count_int=\count161
\l__regex_min_submatch_int=\count162
\l__regex_submatch_int=\count163
\l__regex_zeroth_submatch_int=\count164
\g__regex_trace_regex_int=\count165
\c_empty_box=\box27
\l_tmpa_box=\box28
\l_tmpb_box=\box29
\g_tmpa_box=\box30
\g_tmpb_box=\box31
\l__box_top_dim=\dimen109
\l__box_bottom_dim=\dimen110
\l__box_left_dim=\dimen111
\l__box_right_dim=\dimen112
\l__box_top_new_dim=\dimen113
\l__box_bottom_new_dim=\dimen114
\l__box_left_new_dim=\dimen115
\l__box_right_new_dim=\dimen116
\l__box_internal_box=\box32
\l__coffin_internal_box=\box33
\l__coffin_internal_dim=\dimen117
\l__coffin_offset_x_dim=\dimen118
\l__coffin_offset_y_dim=\dimen119
\l__coffin_x_dim=\dimen120
\l__coffin_y_dim=\dimen121
\l__coffin_x_prime_dim=\dimen122
\l__coffin_y_prime_dim=\dimen123
\c_empty_coffin=\box34
\l__coffin_aligned_coffin=\box35
\l__coffin_aligned_internal_coffin=\box36
\l_tmpa_coffin=\box37
\l_tmpb_coffin=\box38
\g_tmpa_coffin=\box39
\g_tmpb_coffin=\box40
\l__coffin_bounding_shift_dim=\dimen124
\l__coffin_left_corner_dim=\dimen125
\l__coffin_right_corner_dim=\dimen126
\l__coffin_bottom_corner_dim=\dimen127
\l__coffin_top_corner_dim=\dimen128
\l__coffin_scaled_total_height_dim=\dimen129
\l__coffin_scaled_width_dim=\dimen130
\c__coffin_empty_coffin=\box41
\l__coffin_display_coffin=\box42
\l__coffin_display_coord_coffin=\box43
\l__coffin_display_pole_coffin=\box44
\l__coffin_display_offset_dim=\dimen131
\l__coffin_display_x_dim=\dimen132
\l__coffin_display_y_dim=\dimen133
\g__file_internal_ior=\read1
\l__seq_internal_a_int=\count166
\l__seq_internal_b_int=\count167
\c__deprecation_minus_one=\count168
)
(/usr/share/texlive/texmf-dist/tex/latex/l3backend/l3backend-pdfmode.def
File: l3backend-pdfmode.def 2019-04-06 v L3 Experimental backend support: PDF m
ode
\l__kernel_color_stack_int=\count169
\l__pdf_internal_box=\box45
))
Package: xparse 2019-05-28 L3 Experimental document command parser
\l__xparse_current_arg_int=\count170
\g__xparse_grabber_int=\count171
\l__xparse_m_args_int=\count172
\l__xparse_v_nesting_int=\count173
)
(/usr/share/texlive/texmf-dist/tex/latex/base/book.cls
Document Class: book 2018/09/03 v1.4i Standard LaTeX document class
(/usr/share/texlive/texmf-dist/tex/latex/base/bk11.clo
File: bk11.clo 2018/09/03 v1.4i Standard LaTeX file (size option)
)
\c@part=\count174
\c@chapter=\count175
\c@section=\count176
\c@subsection=\count177
\c@subsubsection=\count178
\c@paragraph=\count179
\c@subparagraph=\count180
\c@figure=\count181
\c@table=\count182
\abovecaptionskip=\skip47
\belowcaptionskip=\skip48
\bibindent=\dimen134
)
(/usr/share/texlive/texmf-dist/tex/generic/babel/babel.sty
Package: babel 2019/06/03 3.32 The Babel package

(/usr/share/texlive/texmf-dist/tex/generic/babel/switch.def
File: switch.def 2019/06/03 3.32 Babel switching mechanism
)
(/usr/share/texlive/texmf-dist/tex/generic/babel-english/english.ldf
Language: english 2017/06/06 v3.3r English support from the babel system

(/usr/share/texlive/texmf-dist/tex/generic/babel/babel.def
File: babel.def 2019/06/03 3.32 Babel common definitions
\babel@savecnt=\count183
\U@D=\dimen135

(/usr/share/texlive/texmf-dist/tex/generic/babel/txtbabel.def)
\bbl@dirlevel=\count184
)
\l@british = a dialect from \language\l@english 
\l@UKenglish = a dialect from \language\l@english 
\l@canadian = a dialect from \language\l@american 
\l@australian = a dialect from \language\l@british 
\l@newzealand = a dialect from \language\l@british 
))
(/usr/share/texlive/texmf-dist/tex/latex/koma-script/scrbase.sty
Package: scrbase 2019/02/01 v3.26b KOMA-Script package (KOMA-Script-independent
 basics and keyval usage)

(/usr/share/texlive/texmf-dist/tex/latex/graphics/keyval.sty
Package: keyval 2014/10/28 v1.15 key=value parser (DPC)
\KV@toks@=\toks14
)
(/usr/share/texlive/texmf-dist/tex/latex/koma-script/scrlfile.sty
Package: scrlfile 2019/02/01 v3.26b KOMA-Script package (loading files)
))
(/usr/share/texlive/texmf-dist/tex/latex/koma-script/scrhack.sty
Package: scrhack 2019/02/01 v3.26b KOMA-Script package 

(/usr/share/texlive/texmf-dist/tex/latex/koma-script/scrkbase.sty
Package: scrkbase 2019/02/01 v3.26b KOMA-Script package (KOMA-Script-dependent 
basics and keyval usage)
)
(/usr/share/texlive/texmf-dist/tex/latex/xpatch/xpatch.sty
Package: xpatch 2012/10/02 v0.3 Extending etoolbox patching commands
))
(/usr/share/texlive/texmf-dist/tex/latex/setspace/setspace.sty
Package: setspace 2011/12/19 v6.7a set line spacing
)
Package scrhack Info: loading setspace hack on input line 193.

(/usr/share/texlive/texmf-dist/tex/latex/koma-script/setspace.hak
File: setspace.hak 2019/02/01 v3.26b KOMA-Script package (hacking package setsp
ace)
)
(/usr/share/texlive/texmf-dist/tex/latex/tools/longtable.sty
Package: longtable 2014/10/28 v4.11 Multi-page Table package (DPC)+ FMi change
\LTleft=\skip49
\LTright=\skip50
\LTpre=\skip51
\LTpost=\skip52
\LTchunksize=\count185
\LTcapwidth=\dimen136
\LT@head=\box46
\LT@firsthead=\box47
\LT@foot=\box48
\LT@lastfoot=\box49
\LT@cols=\count186
\LT@rows=\count187
\c@LT@tables=\count188
\c@LT@chunks=\count189
\LT@p@ftn=\toks15
)
(/usr/share/texlive/texmf-dist/tex/latex/siunitx/siunitx.sty
Package: siunitx 2018/05/17 v2.7s A comprehensive (SI) units package

(/usr/share/texlive/texmf-dist/tex/latex/amsmath/amstext.sty
Package: amstext 2000/06/29 v2.01 AMS text

(/usr/share/texlive/texmf-dist/tex/latex/amsmath/amsgen.sty
File: amsgen.sty 1999/11/30 v2.0 generic functions
\@emptytoks=\toks16
\ex@=\dimen137
))
(/usr/share/texlive/texmf-dist/tex/latex/tools/array.sty
Package: array 2018/12/30 v2.4k Tabular extension package (FMi)
\col@sep=\dimen138
\ar@mcellbox=\box50
\extrarowheight=\dimen139
\NC@list=\toks17
\extratabsurround=\skip53
\backup@length=\skip54
\ar@cellbox=\box51
)
(/usr/share/texlive/texmf-dist/tex/latex/l3packages/l3keys2e/l3keys2e.sty
Package: l3keys2e 2019-05-28 LaTeX2e option processing using LaTeX3 keys
)
\l__siunitx_tmp_box=\box52
\l__siunitx_tmp_dim=\dimen140
\l__siunitx_tmp_int=\count190
\l__siunitx_number_mantissa_length_int=\count191
\l__siunitx_number_uncert_length_int=\count192
\l__siunitx_round_int=\count193
\l__siunitx_process_decimal_int=\count194
\l__siunitx_process_uncertainty_int=\count195
\l__siunitx_process_fixed_int=\count196
\l__siunitx_process_integer_min_int=\count197
\l__siunitx_process_precision_int=\count198
\l__siunitx_group_min_int=\count199
\l__siunitx_angle_marker_box=\box53
\l__siunitx_angle_unit_box=\box54
\l__siunitx_angle_marker_dim=\dimen141
\l__siunitx_angle_unit_dim=\dimen142
\l__siunitx_unit_int=\count266
\l__siunitx_unit_denominator_int=\count267
\l__siunitx_unit_numerator_int=\count268
\l__siunitx_unit_prefix_int=\count269
\l__siunitx_unit_prefix_base_int=\count270
\l__siunitx_unit_prefix_gram_int=\count271
\l__siunitx_number_product_int=\count272
\c__siunitx_one_fill_skip=\skip55
\l__siunitx_table_unit_align_skip=\skip56
\l__siunitx_table_exponent_dim=\dimen143
\l__siunitx_table_integer_dim=\dimen144
\l__siunitx_table_mantissa_dim=\dimen145
\l__siunitx_table_marker_dim=\dimen146
\l__siunitx_table_result_dim=\dimen147
\l__siunitx_table_uncert_dim=\dimen148
\l__siunitx_table_fill_pre_dim=\dimen149
\l__siunitx_table_fill_post_dim=\dimen150
\l__siunitx_table_fill_mid_dim=\dimen151
\l__siunitx_table_pre_box=\box55
\l__siunitx_table_post_box=\box56
\l__siunitx_table_mantissa_box=\box57
\l__siunitx_table_result_box=\box58
\l__siunitx_table_number_align_skip=\skip57
\l__siunitx_table_text_align_skip=\skip58

(/usr/share/texlive/texmf-dist/tex/latex/translator/translator.sty
Package: translator 2019-05-31 v1.12a Easy translation of strings in LaTeX
))
(/usr/share/texlive/texmf-dist/tex/latex/graphics/graphicx.sty
Package: graphicx 2017/06/01 v1.1a Enhanced LaTeX Graphics (DPC,SPQR)

(/usr/share/texlive/texmf-dist/tex/latex/graphics/graphics.sty
Package: graphics 2017/06/25 v1.2c Standard LaTeX Graphics (DPC,SPQR)

(/usr/share/texlive/texmf-dist/tex/latex/graphics/trig.sty
Package: trig 2016/01/03 v1.10 sin cos tan (DPC)
)
(/usr/share/texlive/texmf-dist/tex/latex/graphics-cfg/graphics.cfg
File: graphics.cfg 2016/06/04 v1.11 sample graphics configuration
)
Package graphics Info: Driver file: pdftex.def on input line 99.

(/usr/share/texlive/texmf-dist/tex/latex/graphics-def/pdftex.def
File: pdftex.def 2018/01/08 v1.0l Graphics/color driver for pdftex
))
\Gin@req@height=\dimen152
\Gin@req@width=\dimen153
)
(/usr/share/texlive/texmf-dist/tex/latex/booktabs/booktabs.sty
Package: booktabs 2016/04/27 v1.618033 publication quality tables
\heavyrulewidth=\dimen154
\lightrulewidth=\dimen155
\cmidrulewidth=\dimen156
\belowrulesep=\dimen157
\belowbottomsep=\dimen158
\aboverulesep=\dimen159
\abovetopsep=\dimen160
\cmidrulesep=\dimen161
\cmidrulekern=\dimen162
\defaultaddspace=\dimen163
\@cmidla=\count273
\@cmidlb=\count274
\@aboverulesep=\dimen164
\@belowrulesep=\dimen165
\@thisruleclass=\count275
\@lastruleclass=\count276
\@thisrulewidth=\dimen166
)
(/usr/share/texlive/texmf-dist/tex/latex/caption/caption.sty
Package: caption 2018/10/06 v3.3-154 Customizing captions (AR)

(/usr/share/texlive/texmf-dist/tex/latex/caption/caption3.sty
Package: caption3 2018/09/12 v1.8c caption3 kernel (AR)
Package caption3 Info: TeX engine: e-TeX on input line 64.
\captionmargin=\dimen167
\captionmargin@=\dimen168
\captionwidth=\dimen169
\caption@tempdima=\dimen170
\caption@indent=\dimen171
\caption@parindent=\dimen172
\caption@hangindent=\dimen173
)
\c@caption@flags=\count277
\c@ContinuedFloat=\count278
Package caption Info: longtable package is loaded.

(/usr/share/texlive/texmf-dist/tex/latex/caption/ltcaption.sty
Package: ltcaption 2018/08/26 v1.4-95 longtable captions (AR)
))
(/usr/share/texlive/texmf-dist/tex/latex/xcolor/xcolor.sty
Package: xcolor 2016/05/11 v2.12 LaTeX color extensions (UK)

(/usr/share/texlive/texmf-dist/tex/latex/graphics-cfg/color.cfg
File: color.cfg 2016/01/02 v1.6 sample color configuration
)
Package xcolor Info: Driver file: pdftex.def on input line 225.
Package xcolor Info: Model `cmy' substituted by `cmy0' on input line 1348.
Package xcolor Info: Model `hsb' substituted by `rgb' on input line 1352.
Package xcolor Info: Model `RGB' extended on input line 1364.
Package xcolor Info: Model `HTML' substituted by `rgb' on input line 1366.
Package xcolor Info: Model `Hsb' substituted by `hsb' on input line 1367.
Package xcolor Info: Model `tHsb' substituted by `hsb' on input line 1368.
Package xcolor Info: Model `HSB' substituted by `hsb' on input line 1369.
Package xcolor Info: Model `Gray' substituted by `gray' on input line 1370.
Package xcolor Info: Model `wave' substituted by `hsb' on input line 1371.
)
(/usr/share/texlive/texmf-dist/tex/latex/geometry/geometry.sty
Package: geometry 2018/04/16 v5.8 Page Geometry

(/usr/share/texlive/texmf-dist/tex/generic/oberdiek/ifpdf.sty
Package: ifpdf 2018/09/07 v3.3 Provides the ifpdf switch
)
(/usr/share/texlive/texmf-dist/tex/generic/oberdiek/ifvtex.sty
Package: ifvtex 2016/05/16 v1.6 Detect VTeX and its facilities (HO)
Package ifvtex Info: VTeX not detected.
)
(/usr/share/texlive/texmf-dist/tex/generic/ifxetex/ifxetex.sty
Package: ifxetex 2010/09/12 v0.6 Provides ifxetex conditional
)
\Gm@cnth=\count279
\Gm@cntv=\count280
\c@Gm@tempcnt=\count281
\Gm@bindingoffset=\dimen174
\Gm@wd@mp=\dimen175
\Gm@odd@mp=\dimen176
\Gm@even@mp=\dimen177
\Gm@layoutwidth=\dimen178
\Gm@layoutheight=\dimen179
\Gm@layouthoffset=\dimen180
\Gm@layoutvoffset=\dimen181
\Gm@dimlist=\toks18
)
(/usr/share/texlive/texmf-dist/tex/latex/koma-script/scrlayer-scrpage.sty
Package: scrlayer-scrpage 2019/02/01 v3.26b KOMA-Script package (end user inter
face for scrlayer)

(/usr/share/texlive/texmf-dist/tex/latex/koma-script/scrlayer.sty
Package: scrlayer 2019/02/01 v3.26b KOMA-Script package (defining layers and pa
ge styles)
\footheight=\skip59
Package scrlayer Info: patching LaTeX kernel macro \pagestyle on input line 208
3.
)
Package scrbase Info: Unknown processing state.
(scrbase)             Processing option `markcase=used'
(scrbase)             of member `.scrlayer-scrpage.sty' of family
(scrbase)             `KOMA' doesn't set
(scrbase)             a valid state. This will be interpreted
(scrbase)             as \FamilyKeyStateProcessed on input line 724.
)
Package scrlayer-scrpage Info: auto-selection of `pagestyleset=standard'.

1: chapter
1: chapter
1: section
) (/usr/share/texlive/texmf-dist/tex/latex/base/inputenc.sty
Package: inputenc 2018/08/11 v1.3c Input encoding file
\inpenc@prehook=\toks19
\inpenc@posthook=\toks20
)
(/usr/share/texlive/texmf-dist/tex/latex/base/fontenc.sty
Package: fontenc 2018/08/11 v2.0j Standard LaTeX package

(/usr/share/texlive/texmf-dist/tex/latex/base/t1enc.def
File: t1enc.def 2018/08/11 v2.0j Standard LaTeX file
LaTeX Font Info:    Redeclaring font encoding T1 on input line 48.
))
(/usr/share/texlive/texmf-dist/tex/latex/todonotes/todonotes.sty
Package: todonotes 2019/01/24 v1.1.2 Todonotes source and documentation.
Package: todonotes 2018/11/22

(/usr/share/texlive/texmf-dist/tex/latex/base/ifthen.sty
Package: ifthen 2014/09/29 v1.1c Standard LaTeX ifthen package (DPC)
)
(/usr/share/texlive/texmf-dist/tex/latex/xkeyval/xkeyval.sty
Package: xkeyval 2014/12/03 v2.7a package option processing (HA)

(/usr/share/texlive/texmf-dist/tex/generic/xkeyval/xkeyval.tex
(/usr/share/texlive/texmf-dist/tex/generic/xkeyval/xkvutils.tex
\XKV@toks=\toks21
\XKV@tempa@toks=\toks22
)
\XKV@depth=\count282
File: xkeyval.tex 2014/12/03 v2.7a key=value parser (HA)
))
(/usr/share/texlive/texmf-dist/tex/latex/pgf/frontendlayer/tikz.sty
(/usr/share/texlive/texmf-dist/tex/latex/pgf/basiclayer/pgf.sty
(/usr/share/texlive/texmf-dist/tex/latex/pgf/utilities/pgfrcs.sty
(/usr/share/texlive/texmf-dist/tex/generic/pgf/utilities/pgfutil-common.tex
\pgfutil@everybye=\toks23
\pgfutil@tempdima=\dimen182
\pgfutil@tempdimb=\dimen183

(/usr/share/texlive/texmf-dist/tex/generic/pgf/utilities/pgfutil-common-lists.t
ex)) (/usr/share/texlive/texmf-dist/tex/generic/pgf/utilities/pgfutil-latex.def
\pgfutil@abb=\box59
(/usr/share/texlive/texmf-dist/tex/latex/ms/everyshi.sty
Package: everyshi 2001/05/15 v3.00 EveryShipout Package (MS)
))
(/usr/share/texlive/texmf-dist/tex/generic/pgf/utilities/pgfrcs.code.tex
(/usr/share/texlive/texmf-dist/tex/generic/pgf/pgf.revision.tex)
Package: pgfrcs 2019/05/09 v3.1.3 (3.1.3)
))
Package: pgf 2019/05/09 v3.1.3 (3.1.3)

(/usr/share/texlive/texmf-dist/tex/latex/pgf/basiclayer/pgfcore.sty
(/usr/share/texlive/texmf-dist/tex/latex/pgf/systemlayer/pgfsys.sty
(/usr/share/texlive/texmf-dist/tex/generic/pgf/systemlayer/pgfsys.code.tex
Package: pgfsys 2019/05/09 v3.1.3 (3.1.3)

(/usr/share/texlive/texmf-dist/tex/generic/pgf/utilities/pgfkeys.code.tex
\pgfkeys@pathtoks=\toks24
\pgfkeys@temptoks=\toks25

(/usr/share/texlive/texmf-dist/tex/generic/pgf/utilities/pgfkeysfiltered.code.t
ex
\pgfkeys@tmptoks=\toks26
))
\pgf@x=\dimen184
\pgf@y=\dimen185
\pgf@xa=\dimen186
\pgf@ya=\dimen187
\pgf@xb=\dimen188
\pgf@yb=\dimen189
\pgf@xc=\dimen190
\pgf@yc=\dimen191
\pgf@xd=\dimen192
\pgf@yd=\dimen193
\w@pgf@writea=\write3
\r@pgf@reada=\read2
\c@pgf@counta=\count283
\c@pgf@countb=\count284
\c@pgf@countc=\count285
\c@pgf@countd=\count286
\t@pgf@toka=\toks27
\t@pgf@tokb=\toks28
\t@pgf@tokc=\toks29
\pgf@sys@id@count=\count287
 (/usr/share/texlive/texmf-dist/tex/generic/pgf/systemlayer/pgf.cfg
File: pgf.cfg 2019/05/09 v3.1.3 (3.1.3)
)
Driver file for pgf: pgfsys-pdftex.def

(/usr/share/texlive/texmf-dist/tex/generic/pgf/systemlayer/pgfsys-pdftex.def
File: pgfsys-pdftex.def 2019/05/09 v3.1.3 (3.1.3)

(/usr/share/texlive/texmf-dist/tex/generic/pgf/systemlayer/pgfsys-common-pdf.de
f
File: pgfsys-common-pdf.def 2019/05/09 v3.1.3 (3.1.3)
)))
(/usr/share/texlive/texmf-dist/tex/generic/pgf/systemlayer/pgfsyssoftpath.code.
tex
File: pgfsyssoftpath.code.tex 2019/05/09 v3.1.3 (3.1.3)
\pgfsyssoftpath@smallbuffer@items=\count288
\pgfsyssoftpath@bigbuffer@items=\count289
)
(/usr/share/texlive/texmf-dist/tex/generic/pgf/systemlayer/pgfsysprotocol.code.
tex
File: pgfsysprotocol.code.tex 2019/05/09 v3.1.3 (3.1.3)
))
(/usr/share/texlive/texmf-dist/tex/generic/pgf/basiclayer/pgfcore.code.tex
Package: pgfcore 2019/05/09 v3.1.3 (3.1.3)

(/usr/share/texlive/texmf-dist/tex/generic/pgf/math/pgfmath.code.tex
(/usr/share/texlive/texmf-dist/tex/generic/pgf/math/pgfmathcalc.code.tex
(/usr/share/texlive/texmf-dist/tex/generic/pgf/math/pgfmathutil.code.tex)
(/usr/share/texlive/texmf-dist/tex/generic/pgf/math/pgfmathparser.code.tex
\pgfmath@dimen=\dimen194
\pgfmath@count=\count290
\pgfmath@box=\box60
\pgfmath@toks=\toks30
\pgfmath@stack@operand=\toks31
\pgfmath@stack@operation=\toks32
)
(/usr/share/texlive/texmf-dist/tex/generic/pgf/math/pgfmathfunctions.code.tex
(/usr/share/texlive/texmf-dist/tex/generic/pgf/math/pgfmathfunctions.basic.code
.tex)
(/usr/share/texlive/texmf-dist/tex/generic/pgf/math/pgfmathfunctions.trigonomet
ric.code.tex)
(/usr/share/texlive/texmf-dist/tex/generic/pgf/math/pgfmathfunctions.random.cod
e.tex)
(/usr/share/texlive/texmf-dist/tex/generic/pgf/math/pgfmathfunctions.comparison
.code.tex)
(/usr/share/texlive/texmf-dist/tex/generic/pgf/math/pgfmathfunctions.base.code.
tex)
(/usr/share/texlive/texmf-dist/tex/generic/pgf/math/pgfmathfunctions.round.code
.tex)
(/usr/share/texlive/texmf-dist/tex/generic/pgf/math/pgfmathfunctions.misc.code.
tex)
(/usr/share/texlive/texmf-dist/tex/generic/pgf/math/pgfmathfunctions.integerari
thmetics.code.tex)))
(/usr/share/texlive/texmf-dist/tex/generic/pgf/math/pgfmathfloat.code.tex
\c@pgfmathroundto@lastzeros=\count291
))
(/usr/share/texlive/texmf-dist/tex/generic/pgf/math/pgfint.code.tex)
(/usr/share/texlive/texmf-dist/tex/generic/pgf/basiclayer/pgfcorepoints.code.te
x
File: pgfcorepoints.code.tex 2019/05/09 v3.1.3 (3.1.3)
\pgf@picminx=\dimen195
\pgf@picmaxx=\dimen196
\pgf@picminy=\dimen197
\pgf@picmaxy=\dimen198
\pgf@pathminx=\dimen199
\pgf@pathmaxx=\dimen256
\pgf@pathminy=\dimen257
\pgf@pathmaxy=\dimen258
\pgf@xx=\dimen259
\pgf@xy=\dimen260
\pgf@yx=\dimen261
\pgf@yy=\dimen262
\pgf@zx=\dimen263
\pgf@zy=\dimen264
)
(/usr/share/texlive/texmf-dist/tex/generic/pgf/basiclayer/pgfcorepathconstruct.
code.tex
File: pgfcorepathconstruct.code.tex 2019/05/09 v3.1.3 (3.1.3)
\pgf@path@lastx=\dimen265
\pgf@path@lasty=\dimen266
)
(/usr/share/texlive/texmf-dist/tex/generic/pgf/basiclayer/pgfcorepathusage.code
.tex
File: pgfcorepathusage.code.tex 2019/05/09 v3.1.3 (3.1.3)
\pgf@shorten@end@additional=\dimen267
\pgf@shorten@start@additional=\dimen268
)
(/usr/share/texlive/texmf-dist/tex/generic/pgf/basiclayer/pgfcorescopes.code.te
x
File: pgfcorescopes.code.tex 2019/05/09 v3.1.3 (3.1.3)
\pgfpic=\box61
\pgf@hbox=\box62
\pgf@layerbox@main=\box63
\pgf@picture@serial@count=\count292
)
(/usr/share/texlive/texmf-dist/tex/generic/pgf/basiclayer/pgfcoregraphicstate.c
ode.tex
File: pgfcoregraphicstate.code.tex 2019/05/09 v3.1.3 (3.1.3)
\pgflinewidth=\dimen269
)
(/usr/share/texlive/texmf-dist/tex/generic/pgf/basiclayer/pgfcoretransformation
s.code.tex
File: pgfcoretransformations.code.tex 2019/05/09 v3.1.3 (3.1.3)
\pgf@pt@x=\dimen270
\pgf@pt@y=\dimen271
\pgf@pt@temp=\dimen272
)
(/usr/share/texlive/texmf-dist/tex/generic/pgf/basiclayer/pgfcorequick.code.tex
File: pgfcorequick.code.tex 2019/05/09 v3.1.3 (3.1.3)
)
(/usr/share/texlive/texmf-dist/tex/generic/pgf/basiclayer/pgfcoreobjects.code.t
ex
File: pgfcoreobjects.code.tex 2019/05/09 v3.1.3 (3.1.3)
)
(/usr/share/texlive/texmf-dist/tex/generic/pgf/basiclayer/pgfcorepathprocessing
.code.tex
File: pgfcorepathprocessing.code.tex 2019/05/09 v3.1.3 (3.1.3)
)
(/usr/share/texlive/texmf-dist/tex/generic/pgf/basiclayer/pgfcorearrows.code.te
x
File: pgfcorearrows.code.tex 2019/05/09 v3.1.3 (3.1.3)
\pgfarrowsep=\dimen273
)
(/usr/share/texlive/texmf-dist/tex/generic/pgf/basiclayer/pgfcoreshade.code.tex
File: pgfcoreshade.code.tex 2019/05/09 v3.1.3 (3.1.3)
\pgf@max=\dimen274
\pgf@sys@shading@range@num=\count293
\pgf@shadingcount=\count294
)
(/usr/share/texlive/texmf-dist/tex/generic/pgf/basiclayer/pgfcoreimage.code.tex
File: pgfcoreimage.code.tex 2019/05/09 v3.1.3 (3.1.3)

(/usr/share/texlive/texmf-dist/tex/generic/pgf/basiclayer/pgfcoreexternal.code.
tex
File: pgfcoreexternal.code.tex 2019/05/09 v3.1.3 (3.1.3)
\pgfexternal@startupbox=\box64
))
(/usr/share/texlive/texmf-dist/tex/generic/pgf/basiclayer/pgfcorelayers.code.te
x
File: pgfcorelayers.code.tex 2019/05/09 v3.1.3 (3.1.3)
)
(/usr/share/texlive/texmf-dist/tex/generic/pgf/basiclayer/pgfcoretransparency.c
ode.tex
File: pgfcoretransparency.code.tex 2019/05/09 v3.1.3 (3.1.3)
)
(/usr/share/texlive/texmf-dist/tex/generic/pgf/basiclayer/pgfcorepatterns.code.
tex
File: pgfcorepatterns.code.tex 2019/05/09 v3.1.3 (3.1.3)
)
(/usr/share/texlive/texmf-dist/tex/generic/pgf/basiclayer/pgfcorerdf.code.tex
File: pgfcorerdf.code.tex 2019/05/09 v3.1.3 (3.1.3)
)))
(/usr/share/texlive/texmf-dist/tex/generic/pgf/modules/pgfmoduleshapes.code.tex
File: pgfmoduleshapes.code.tex 2019/05/09 v3.1.3 (3.1.3)
\pgfnodeparttextbox=\box65
) (/usr/share/texlive/texmf-dist/tex/generic/pgf/modules/pgfmoduleplot.code.tex
File: pgfmoduleplot.code.tex 2019/05/09 v3.1.3 (3.1.3)
)
(/usr/share/texlive/texmf-dist/tex/latex/pgf/compatibility/pgfcomp-version-0-65
.sty
Package: pgfcomp-version-0-65 2019/05/09 v3.1.3 (3.1.3)
\pgf@nodesepstart=\dimen275
\pgf@nodesepend=\dimen276
)
(/usr/share/texlive/texmf-dist/tex/latex/pgf/compatibility/pgfcomp-version-1-18
.sty
Package: pgfcomp-version-1-18 2019/05/09 v3.1.3 (3.1.3)
)) (/usr/share/texlive/texmf-dist/tex/latex/pgf/utilities/pgffor.sty
(/usr/share/texlive/texmf-dist/tex/latex/pgf/utilities/pgfkeys.sty
(/usr/share/texlive/texmf-dist/tex/generic/pgf/utilities/pgfkeys.code.tex))
(/usr/share/texlive/texmf-dist/tex/latex/pgf/math/pgfmath.sty
(/usr/share/texlive/texmf-dist/tex/generic/pgf/math/pgfmath.code.tex))
(/usr/share/texlive/texmf-dist/tex/generic/pgf/utilities/pgffor.code.tex
Package: pgffor 2019/05/09 v3.1.3 (3.1.3)

(/usr/share/texlive/texmf-dist/tex/generic/pgf/math/pgfmath.code.tex)
\pgffor@iter=\dimen277
\pgffor@skip=\dimen278
\pgffor@stack=\toks33
\pgffor@toks=\toks34
))
(/usr/share/texlive/texmf-dist/tex/generic/pgf/frontendlayer/tikz/tikz.code.tex
Package: tikz 2019/05/09 v3.1.3 (3.1.3)

(/usr/share/texlive/texmf-dist/tex/generic/pgf/libraries/pgflibraryplothandlers
.code.tex
File: pgflibraryplothandlers.code.tex 2019/05/09 v3.1.3 (3.1.3)
\pgf@plot@mark@count=\count295
\pgfplotmarksize=\dimen279
)
\tikz@lastx=\dimen280
\tikz@lasty=\dimen281
\tikz@lastxsaved=\dimen282
\tikz@lastysaved=\dimen283
\tikzleveldistance=\dimen284
\tikzsiblingdistance=\dimen285
\tikz@figbox=\box66
\tikz@figbox@bg=\box67
\tikz@tempbox=\box68
\tikz@tempbox@bg=\box69
\tikztreelevel=\count296
\tikznumberofchildren=\count297
\tikznumberofcurrentchild=\count298
\tikz@fig@count=\count299

(/usr/share/texlive/texmf-dist/tex/generic/pgf/modules/pgfmodulematrix.code.tex
File: pgfmodulematrix.code.tex 2019/05/09 v3.1.3 (3.1.3)
\pgfmatrixcurrentrow=\count300
\pgfmatrixcurrentcolumn=\count301
\pgf@matrix@numberofcolumns=\count302
)
\tikz@expandcount=\count303

(/usr/share/texlive/texmf-dist/tex/generic/pgf/frontendlayer/tikz/libraries/tik
zlibrarytopaths.code.tex
File: tikzlibrarytopaths.code.tex 2019/05/09 v3.1.3 (3.1.3)
)))
(/usr/share/texlive/texmf-dist/tex/generic/pgf/frontendlayer/tikz/libraries/tik
zlibrarypositioning.code.tex
File: tikzlibrarypositioning.code.tex 2019/05/09 v3.1.3 (3.1.3)
)
(/usr/share/texlive/texmf-dist/tex/generic/pgf/frontendlayer/tikz/libraries/tik
zlibraryshadows.code.tex
File: tikzlibraryshadows.code.tex 2019/05/09 v3.1.3 (3.1.3)

(/usr/share/texlive/texmf-dist/tex/generic/pgf/frontendlayer/tikz/libraries/tik
zlibraryfadings.code.tex
File: tikzlibraryfadings.code.tex 2019/05/09 v3.1.3 (3.1.3)

(/usr/share/texlive/texmf-dist/tex/generic/pgf/libraries/pgflibraryfadings.code
.tex
File: pgflibraryfadings.code.tex 2019/05/09 v3.1.3 (3.1.3)
))) (/usr/share/texlive/texmf-dist/tex/latex/tools/calc.sty
Package: calc 2017/05/25 v4.3 Infix arithmetic (KKT,FJ)
\calc@Acount=\count304
\calc@Bcount=\count305
\calc@Adimen=\dimen286
\calc@Bdimen=\dimen287
\calc@Askip=\skip60
\calc@Bskip=\skip61
LaTeX Info: Redefining \setlength on input line 80.
LaTeX Info: Redefining \addtolength on input line 81.
\calc@Ccount=\count306
\calc@Cskip=\skip62
)
\c@@todonotes@numberoftodonotes=\count307
)
(/usr/share/texlive/texmf-dist/tex/latex/psnfss/mathpazo.sty
Package: mathpazo 2005/04/12 PSNFSS-v9.2a Palatino w/ Pazo Math (D.Puga, WaS) 
\symupright=\mathgroup4
)
(/usr/share/texlive/texmf-dist/tex/latex/adjustbox/adjustbox.sty
Package: adjustbox 2019/01/04 v1.2 Adjusting TeX boxes (trim, clip, ...)

(/usr/share/texlive/texmf-dist/tex/latex/adjustbox/adjcalc.sty
Package: adjcalc 2012/05/16 v1.1 Provides advanced setlength with multiple back
-ends (calc, etex, pgfmath)
)
(/usr/share/texlive/texmf-dist/tex/latex/adjustbox/trimclip.sty
Package: trimclip 2018/04/08 v1.1 Trim and clip general TeX material

(/usr/share/texlive/texmf-dist/tex/latex/collectbox/collectbox.sty
Package: collectbox 2012/05/17 v0.4b Collect macro arguments as boxes
\collectedbox=\box70
)
\tc@llx=\dimen288
\tc@lly=\dimen289
\tc@urx=\dimen290
\tc@ury=\dimen291
Package trimclip Info: Using driver 'tc-pdftex.def'.

(/usr/share/texlive/texmf-dist/tex/latex/adjustbox/tc-pdftex.def
File: tc-pdftex.def 2019/01/04 v2.2 Clipping driver for pdftex
))
\adjbox@Width=\dimen292
\adjbox@Height=\dimen293
\adjbox@Depth=\dimen294
\adjbox@Totalheight=\dimen295
\adjbox@pwidth=\dimen296
\adjbox@pheight=\dimen297
\adjbox@pdepth=\dimen298
\adjbox@ptotalheight=\dimen299

(/usr/share/texlive/texmf-dist/tex/latex/ifoddpage/ifoddpage.sty
Package: ifoddpage 2016/04/23 v1.1 Conditionals for odd/even page detection
\c@checkoddpage=\count308
)
(/usr/share/texlive/texmf-dist/tex/latex/varwidth/varwidth.sty
Package: varwidth 2009/03/30 ver 0.92;  Variable-width minipages
\@vwid@box=\box71
\sift@deathcycles=\count309
\@vwid@loff=\dimen300
\@vwid@roff=\dimen301
))
(/usr/share/texlive/texmf-dist/tex/latex/biblatex/biblatex.sty
Package: biblatex 2018/11/02 v3.12 programmable bibliographies (PK/MW)

(/usr/share/texlive/texmf-dist/tex/generic/oberdiek/pdftexcmds.sty
Package: pdftexcmds 2018/09/10 v0.29 Utility functions of pdfTeX for LuaTeX (HO
)

(/usr/share/texlive/texmf-dist/tex/generic/oberdiek/infwarerr.sty
Package: infwarerr 2016/05/16 v1.4 Providing info/warning/error messages (HO)
)
(/usr/share/texlive/texmf-dist/tex/generic/oberdiek/ifluatex.sty
Package: ifluatex 2016/05/16 v1.4 Provides the ifluatex switch (HO)
Package ifluatex Info: LuaTeX not detected.
)
(/usr/share/texlive/texmf-dist/tex/generic/oberdiek/ltxcmds.sty
Package: ltxcmds 2016/05/16 v1.23 LaTeX kernel commands for general use (HO)
)
Package pdftexcmds Info: LuaTeX not detected.
Package pdftexcmds Info: \pdf@primitive is available.
Package pdftexcmds Info: \pdf@ifprimitive is available.
Package pdftexcmds Info: \pdfdraftmode found.
)
(/usr/share/texlive/texmf-dist/tex/latex/oberdiek/kvoptions.sty
Package: kvoptions 2016/05/16 v3.12 Key value format for package options (HO)

(/usr/share/texlive/texmf-dist/tex/generic/oberdiek/kvsetkeys.sty
Package: kvsetkeys 2016/05/16 v1.17 Key value parser (HO)

(/usr/share/texlive/texmf-dist/tex/generic/oberdiek/etexcmds.sty
Package: etexcmds 2016/05/16 v1.6 Avoid name clashes with e-TeX commands (HO)
)))
(/usr/share/texlive/texmf-dist/tex/latex/logreq/logreq.sty
Package: logreq 2010/08/04 v1.0 xml request logger
\lrq@indent=\count310

(/usr/share/texlive/texmf-dist/tex/latex/logreq/logreq.def
File: logreq.def 2010/08/04 v1.0 logreq spec v1.0
))
(/usr/share/texlive/texmf-dist/tex/latex/url/url.sty
\Urlmuskip=\muskip16
Package: url 2013/09/16  ver 3.4  Verb mode for urls, etc.
)
\c@tabx@nest=\count311
\c@listtotal=\count312
\c@listcount=\count313
\c@liststart=\count314
\c@liststop=\count315
\c@citecount=\count316
\c@citetotal=\count317
\c@multicitecount=\count318
\c@multicitetotal=\count319
\c@instcount=\count320
\c@maxnames=\count321
\c@minnames=\count322
\c@maxitems=\count323
\c@minitems=\count324
\c@citecounter=\count325
\c@maxcitecounter=\count326
\c@savedcitecounter=\count327
\c@uniquelist=\count328
\c@uniquename=\count329
\c@refsection=\count330
\c@refsegment=\count331
\c@maxextratitle=\count332
\c@maxextratitleyear=\count333
\c@maxextraname=\count334
\c@maxextradate=\count335
\c@maxextraalpha=\count336
\c@abbrvpenalty=\count337
\c@highnamepenalty=\count338
\c@lownamepenalty=\count339
\c@maxparens=\count340
\c@parenlevel=\count341
\blx@tempcnta=\count342
\blx@tempcntb=\count343
\blx@tempcntc=\count344
\blx@maxsection=\count345
\blx@maxsegment@0=\count346
\blx@notetype=\count347
\blx@parenlevel@text=\count348
\blx@parenlevel@foot=\count349
\blx@sectionciteorder@0=\count350
\blx@entrysetcounter=\count351
\labelnumberwidth=\skip63
\labelalphawidth=\skip64
\biblabelsep=\skip65
\bibitemsep=\skip66
\bibnamesep=\skip67
\bibinitsep=\skip68
\bibparsep=\skip69
\bibhang=\skip70
\blx@bcfin=\read3
\blx@bcfout=\write4
\c@mincomprange=\count352
\c@maxcomprange=\count353
\c@mincompwidth=\count354
Package biblatex Info: Trying to load biblatex default data model...
Package biblatex Info: ... file 'blx-dm.def' found.

(/usr/share/texlive/texmf-dist/tex/latex/biblatex/blx-dm.def
File: blx-dm.def 2018/11/02 v3.12 biblatex localization (PK/MW)
)
Package biblatex Info: Trying to load biblatex style data model...
Package biblatex Info: ... file 'authoryear.dbx' not found.
Package biblatex Info: Trying to load biblatex custom data model...
Package biblatex Info: ... file 'biblatex-dm.cfg' not found.
\c@afterword=\count355
\c@savedafterword=\count356
\c@annotator=\count357
\c@savedannotator=\count358
\c@author=\count359
\c@savedauthor=\count360
\c@bookauthor=\count361
\c@savedbookauthor=\count362
\c@commentator=\count363
\c@savedcommentator=\count364
\c@editor=\count365
\c@savededitor=\count366
\c@editora=\count367
\c@savededitora=\count368
\c@editorb=\count369
\c@savededitorb=\count370
\c@editorc=\count371
\c@savededitorc=\count372
\c@foreword=\count373
\c@savedforeword=\count374
\c@holder=\count375
\c@savedholder=\count376
\c@introduction=\count377
\c@savedintroduction=\count378
\c@namea=\count379
\c@savednamea=\count380
\c@nameb=\count381
\c@savednameb=\count382
\c@namec=\count383
\c@savednamec=\count384
\c@translator=\count385
\c@savedtranslator=\count386
\c@shortauthor=\count387
\c@savedshortauthor=\count388
\c@shorteditor=\count389
\c@savedshorteditor=\count390
\c@labelname=\count391
\c@savedlabelname=\count392
\c@institution=\count393
\c@savedinstitution=\count394
\c@lista=\count395
\c@savedlista=\count396
\c@listb=\count397
\c@savedlistb=\count398
\c@listc=\count399
\c@savedlistc=\count400
\c@listd=\count401
\c@savedlistd=\count402
\c@liste=\count403
\c@savedliste=\count404
\c@listf=\count405
\c@savedlistf=\count406
\c@location=\count407
\c@savedlocation=\count408
\c@organization=\count409
\c@savedorganization=\count410
\c@origlocation=\count411
\c@savedoriglocation=\count412
\c@origpublisher=\count413
\c@savedorigpublisher=\count414
\c@publisher=\count415
\c@savedpublisher=\count416
\c@language=\count417
\c@savedlanguage=\count418
\c@origlanguage=\count419
\c@savedoriglanguage=\count420
\c@pageref=\count421
\c@savedpageref=\count422
\shorthandwidth=\skip71
\shortjournalwidth=\skip72
\shortserieswidth=\skip73
\shorttitlewidth=\skip74
\shortauthorwidth=\skip75
\shorteditorwidth=\skip76
\locallabelnumberwidth=\skip77
\locallabelalphawidth=\skip78
\localshorthandwidth=\skip79
\localshortjournalwidth=\skip80
\localshortserieswidth=\skip81
\localshorttitlewidth=\skip82
\localshortauthorwidth=\skip83
\localshorteditorwidth=\skip84
Package biblatex Info: Trying to load compatibility code...
Package biblatex Info: ... file 'blx-compat.def' found.

(/usr/share/texlive/texmf-dist/tex/latex/biblatex/blx-compat.def
File: blx-compat.def 2018/11/02 v3.12 biblatex compatibility (PK/MW)
)
Package biblatex Info: Trying to load BibTeX backend compatibility...
Package biblatex Info: ... file 'blx-bibtex.def' found.

(/usr/share/texlive/texmf-dist/tex/latex/biblatex/blx-bibtex.def
File: blx-bibtex.def 2018/11/02 v3.12 biblatex compatibility (PK/MW)


Package biblatex Warning: Using fall-back BibTeX(8) backend:
(biblatex)                functionality may be reduced/unavailable.

)
Package biblatex Info: Trying to load generic definitions...
Package biblatex Info: ... file 'biblatex.def' found.
 (/usr/share/texlive/texmf-dist/tex/latex/biblatex/biblatex.def
File: biblatex.def 2018/11/02 v3.12 biblatex compatibility (PK/MW)
\c@textcitecount=\count423
\c@textcitetotal=\count424
\c@textcitemaxnames=\count425
\c@biburlnumpenalty=\count426
\c@biburlucpenalty=\count427
\c@biburllcpenalty=\count428
\c@smartand=\count429
)
Package biblatex Info: Trying to load natbib compatibility...
Package biblatex Info: ... file 'blx-natbib.def' found.

(/usr/share/texlive/texmf-dist/tex/latex/biblatex/blx-natbib.def
File: blx-natbib.def 2018/11/02 v3.12 biblatex compatibility (PK/MW)
Package biblatex Info: Delimiter 'nameyeardelim' in context '' already defined,
 overwriting.
)
Package biblatex Info: Trying to load bibliography style 'authoryear'...
Package biblatex Info: ... file 'authoryear.bbx' found.

(/usr/share/texlive/texmf-dist/tex/latex/biblatex/bbx/authoryear.bbx
File: authoryear.bbx 2018/11/02 v3.12 biblatex bibliography style (PK/MW)
Package biblatex Info: Trying to load bibliography style 'standard'...
Package biblatex Info: ... file 'standard.bbx' found.

(/usr/share/texlive/texmf-dist/tex/latex/biblatex/bbx/standard.bbx
File: standard.bbx 2018/11/02 v3.12 biblatex bibliography style (PK/MW)
\c@bbx:relatedcount=\count430
\c@bbx:relatedtotal=\count431
))
Package biblatex Info: Trying to load citation style 'authoryear'...
Package biblatex Info: ... file 'authoryear.cbx' found.

(/usr/share/texlive/texmf-dist/tex/latex/biblatex/cbx/authoryear.cbx
File: authoryear.cbx 2018/11/02 v3.12 biblatex citation style (PK/MW)
Package biblatex Info: Redefining '\cite'.
Package biblatex Info: Redefining '\parencite'.
Package biblatex Info: Redefining '\footcite'.
Package biblatex Info: Redefining '\footcitetext'.
Package biblatex Info: Redefining '\smartcite'.
Package biblatex Info: Redefining '\textcite'.
Package biblatex Info: Redefining '\textcites'.
)
Package biblatex Info: Trying to load configuration file...
Package biblatex Info: ... file 'biblatex.cfg' found.

(/usr/share/texlive/texmf-dist/tex/latex/biblatex/biblatex.cfg
File: biblatex.cfg 
))
(/usr/share/texlive/texmf-dist/tex/latex/float/float.sty
Package: float 2001/11/08 v1.3d Float enhancements (AL)
\c@float@type=\count432
\float@exts=\toks35
\float@box=\box72
\@float@everytoks=\toks36
\@floatcapt=\box73
)
Package scrhack Info: loading float hack on input line 28.

(/usr/share/texlive/texmf-dist/tex/latex/koma-script/float.hak
File: float.hak 2019/02/01 v3.26b KOMA-Script package (hacking package float)

(/usr/share/texlive/texmf-dist/tex/latex/koma-script/tocbasic.sty
Package: tocbasic 2019/02/01 v3.26b KOMA-Script package (handling toc-files)
\scr@dte@tocline@numberwidth=\skip85
\scr@dte@tocline@numbox=\box74
)
Package scrhack Info: redefining \newfloat on input line 163.
Package scrhack Info: redefining \listof on input line 163.
Package scrhack Info: undefining \float@addtolists on input line 163.
)
(/usr/share/texlive/texmf-dist/tex/latex/graphics/rotating.sty
Package: rotating 2016/08/11 v2.16d rotated objects in LaTeX
\c@r@tfl@t=\count433
\rotFPtop=\skip86
\rotFPbot=\skip87
\rot@float@box=\box75
\rot@mess@toks=\toks37
)
(/usr/share/texlive/texmf-dist/tex/latex/csquotes/csquotes.sty
Package: csquotes 2019/05/10 v5.2e context-sensitive quotations (JAW)
\csq@reset=\count434
\csq@gtype=\count435
\csq@glevel=\count436
\csq@qlevel=\count437
\csq@maxlvl=\count438
\csq@tshold=\count439
\csq@ltx@everypar=\toks38

(/usr/share/texlive/texmf-dist/tex/latex/csquotes/csquotes.def
File: csquotes.def 2019/05/10 v5.2e csquotes generic definitions (JAW)
)
Package csquotes Info: Trying to load configuration file 'csquotes.cfg'...
Package csquotes Info: ... configuration file loaded successfully.

(/usr/share/texlive/texmf-dist/tex/latex/csquotes/csquotes.cfg
File: csquotes.cfg 
)
Package csquotes Info: Enabling multilingual quotes.
)
(/usr/share/texlive/texmf-dist/tex/latex/glossaries/base/glossaries.sty
Package: glossaries 2019/01/06 v4.42 (NLCT)

(/usr/share/texlive/texmf-dist/tex/latex/mfirstuc/mfirstuc.sty
Package: mfirstuc 2017/11/14 v2.06 (NLCT)
\@glsmfirst=\toks39
\@glsmrest=\toks40
)
(/usr/share/texlive/texmf-dist/tex/latex/textcase/textcase.sty
Package: textcase 2004/10/07 v0.07 Text only upper/lower case changing (DPC)
)
(/usr/share/texlive/texmf-dist/tex/latex/xfor/xfor.sty
Package: xfor 2009/02/05 v1.05 (NLCT)
)
(/usr/share/texlive/texmf-dist/tex/latex/datatool/datatool-base.sty
Package: datatool-base 2018/12/07 v2.31 (NLCT)

(/usr/share/texlive/texmf-dist/tex/latex/amsmath/amsmath.sty
Package: amsmath 2018/12/01 v2.17b AMS math features
\@mathmargin=\skip88

For additional information on amsmath, use the `?' option.
(/usr/share/texlive/texmf-dist/tex/latex/amsmath/amsbsy.sty
Package: amsbsy 1999/11/29 v1.2d Bold Symbols
\pmbraise@=\dimen302
)
(/usr/share/texlive/texmf-dist/tex/latex/amsmath/amsopn.sty
Package: amsopn 2016/03/08 v2.02 operator names
)
\inf@bad=\count440
LaTeX Info: Redefining \frac on input line 223.
\uproot@=\count441
\leftroot@=\count442
LaTeX Info: Redefining \overline on input line 385.
\classnum@=\count443
\DOTSCASE@=\count444
LaTeX Info: Redefining \ldots on input line 482.
LaTeX Info: Redefining \dots on input line 485.
LaTeX Info: Redefining \cdots on input line 606.
\Mathstrutbox@=\box76
\strutbox@=\box77
\big@size=\dimen303
LaTeX Font Info:    Redeclaring font encoding OML on input line 729.
LaTeX Font Info:    Redeclaring font encoding OMS on input line 730.
\macc@depth=\count445
\c@MaxMatrixCols=\count446
\dotsspace@=\muskip17
\c@parentequation=\count447
\dspbrk@lvl=\count448
\tag@help=\toks41
\row@=\count449
\column@=\count450
\maxfields@=\count451
\andhelp@=\toks42
\eqnshift@=\dimen304
\alignsep@=\dimen305
\tagshift@=\dimen306
\tagwidth@=\dimen307
\totwidth@=\dimen308
\lineht@=\dimen309
\@envbody=\toks43
\multlinegap=\skip89
\multlinetaggap=\skip90
\mathdisplay@stack=\toks44
LaTeX Info: Redefining \[ on input line 2844.
LaTeX Info: Redefining \] on input line 2845.
)
(/usr/share/texlive/texmf-dist/tex/latex/substr/substr.sty
Package: substr 2009/10/20 v1.2 Handle substrings
\c@su@anzahl=\count452
)
(/usr/share/texlive/texmf-dist/tex/latex/datatool/datatool-fp.sty
Package: datatool-fp 2018/12/07 v2.31 (NLCT)

(/usr/share/texlive/texmf-dist/tex/latex/fp/fp.sty
Package: fp 1995/04/02

`Fixed Point Package', Version 0.8, April 2, 1995 (C) Michael Mehlich
(/usr/share/texlive/texmf-dist/tex/latex/fp/defpattern.sty
Package: defpattern 1994/10/12
\actioncount=\count453
)
(/usr/share/texlive/texmf-dist/tex/latex/fp/fp-basic.sty
Package: fp-basic 1996/05/13
\FP@xs=\count454
\FP@xia=\count455
\FP@xib=\count456
\FP@xfa=\count457
\FP@xfb=\count458
\FP@rega=\count459
\FP@regb=\count460
\FP@regs=\count461
\FP@times=\count462
)
(/usr/share/texlive/texmf-dist/tex/latex/fp/fp-addons.sty
Package: fp-addons 1995/03/15
)
(/usr/share/texlive/texmf-dist/tex/latex/fp/fp-snap.sty
Package: fp-snap 1995/04/05
)
(/usr/share/texlive/texmf-dist/tex/latex/fp/fp-exp.sty
Package: fp-exp 1995/04/03
)
(/usr/share/texlive/texmf-dist/tex/latex/fp/fp-trigo.sty
Package: fp-trigo 1995/04/14
)
(/usr/share/texlive/texmf-dist/tex/latex/fp/fp-pas.sty
Package: fp-pas 1994/08/29
)
(/usr/share/texlive/texmf-dist/tex/latex/fp/fp-random.sty
Package: fp-random 1995/02/23
\FPseed=\count463
)
(/usr/share/texlive/texmf-dist/tex/latex/fp/fp-eqn.sty
Package: fp-eqn 1995/04/03
)
(/usr/share/texlive/texmf-dist/tex/latex/fp/fp-upn.sty
Package: fp-upn 1996/10/21
)
(/usr/share/texlive/texmf-dist/tex/latex/fp/fp-eval.sty
Package: fp-eval 1995/04/03
)))
\@dtl@toks=\toks45
\@dtl@tmpcount=\count464
\dtl@tmplength=\skip91
\dtl@sortresult=\count465
\@dtl@numgrpsepcount=\count466
\@dtl@datatype=\count467
\dtl@codeA=\count468
\dtl@codeB=\count469
\@dtl@foreach@level=\count470
)
(/usr/share/texlive/texmf-dist/tex/latex/glossaries/base/glossaries-compatible-
307.sty
Package: glossaries-compatible-307 2019/01/06 v4.42 (NLCT)
) (/usr/share/texlive/texmf-dist/tex/latex/tracklang/tracklang.sty
Package: tracklang 2018/05/13 v1.3.6 (NLCT) Track Languages

(/usr/share/texlive/texmf-dist/tex/generic/tracklang/tracklang.tex))
(/usr/share/texlive/texmf-dist/tex/latex/glossaries-english/glossaries-english.
ldf
File: glossaries-english.ldf 2014/11/23 v1.0
)
\gls@level=\count471
\@gls@tmpb=\toks46
\gls@tmplen=\skip92
\glskeylisttok=\toks47
\glslabeltok=\toks48
\glsshorttok=\toks49
\glslongtok=\toks50

(/usr/share/texlive/texmf-dist/tex/latex/glossaries/styles/glossary-hypernav.st
y
Package: glossary-hypernav 2019/01/06 v4.42 (NLCT)
) (/usr/share/texlive/texmf-dist/tex/latex/glossaries/styles/glossary-list.sty
Package: glossary-list 2019/01/06 v4.42 (NLCT)
\glslistdottedwidth=\skip93
) (/usr/share/texlive/texmf-dist/tex/latex/glossaries/styles/glossary-long.sty
Package: glossary-long 2019/01/06 v4.42 (NLCT)
\glsdescwidth=\skip94
\glspagelistwidth=\skip95
) (/usr/share/texlive/texmf-dist/tex/latex/glossaries/styles/glossary-super.sty
Package: glossary-super 2019/01/06 v4.42 (NLCT)

(/usr/share/texlive/texmf-dist/tex/latex/supertabular/supertabular.sty
Package: supertabular 2004/02/20 v4.1e the supertabular environment
\c@tracingst=\count472
\ST@wd=\dimen310
\ST@rightskip=\skip96
\ST@leftskip=\skip97
\ST@parfillskip=\skip98
\ST@pageleft=\dimen311
\ST@headht=\dimen312
\ST@tailht=\dimen313
\ST@pagesofar=\dimen314
\ST@pboxht=\dimen315
\ST@lineht=\dimen316
\ST@stretchht=\dimen317
\ST@prevht=\dimen318
\ST@toadd=\dimen319
\ST@dimen=\dimen320
\ST@pbox=\box78
))
(/usr/share/texlive/texmf-dist/tex/latex/glossaries/styles/glossary-tree.sty
Package: glossary-tree 2019/01/06 v4.42 (NLCT)
\glstreeindent=\skip99
))
(/usr/share/texlive/texmf-dist/tex/latex/base/fontenc.sty
Package: fontenc 2018/08/11 v2.0j Standard LaTeX package

(/usr/share/texlive/texmf-dist/tex/latex/base/t1enc.def
File: t1enc.def 2018/08/11 v2.0j Standard LaTeX file
LaTeX Font Info:    Redeclaring font encoding T1 on input line 48.
))
(/usr/share/texlive/texmf-dist/tex/latex/comment/comment.sty
\CommentStream=\write5

Excluding comment 'comment')
\glswrite=\write6
\glo@main@file=\write7
\openout7 = `main.glo'.

Package glossaries Info: Writing glossary file main.glo on input line 34.
 (./glossary.tex)
(/usr/share/texlive/texmf-dist/tex/generic/pgf/frontendlayer/tikz/libraries/tik
zlibraryfit.code.tex
File: tikzlibraryfit.code.tex 2019/05/09 v3.1.3 (3.1.3)
)
(/usr/share/texlive/texmf-dist/tex/latex/hyperref/hyperref.sty
Package: hyperref 2018/11/30 v6.88e Hypertext links for LaTeX

(/usr/share/texlive/texmf-dist/tex/generic/oberdiek/hobsub-hyperref.sty
Package: hobsub-hyperref 2016/05/16 v1.14 Bundle oberdiek, subset hyperref (HO)


(/usr/share/texlive/texmf-dist/tex/generic/oberdiek/hobsub-generic.sty
Package: hobsub-generic 2016/05/16 v1.14 Bundle oberdiek, subset generic (HO)
Package: hobsub 2016/05/16 v1.14 Construct package bundles (HO)
Package hobsub Info: Skipping package `infwarerr' (already loaded).
Package hobsub Info: Skipping package `ltxcmds' (already loaded).
Package hobsub Info: Skipping package `ifluatex' (already loaded).
Package hobsub Info: Skipping package `ifvtex' (already loaded).
Package: intcalc 2016/05/16 v1.2 Expandable calculations with integers (HO)
Package hobsub Info: Skipping package `ifpdf' (already loaded).
Package hobsub Info: Skipping package `etexcmds' (already loaded).
Package hobsub Info: Skipping package `kvsetkeys' (already loaded).
Package: kvdefinekeys 2016/05/16 v1.4 Define keys (HO)
Package hobsub Info: Skipping package `pdftexcmds' (already loaded).
Package: pdfescape 2016/05/16 v1.14 Implements pdfTeX's escape features (HO)
Package: bigintcalc 2016/05/16 v1.4 Expandable calculations on big integers (HO
)
Package: bitset 2016/05/16 v1.2 Handle bit-vector datatype (HO)
Package: uniquecounter 2016/05/16 v1.3 Provide unlimited unique counter (HO)
)
Package hobsub Info: Skipping package `hobsub' (already loaded).
Package: letltxmacro 2016/05/16 v1.5 Let assignment for LaTeX macros (HO)
Package: hopatch 2016/05/16 v1.3 Wrapper for package hooks (HO)
Package: xcolor-patch 2016/05/16 xcolor patch
Package: atveryend 2016/05/16 v1.9 Hooks at the very end of document (HO)
Package: atbegshi 2016/06/09 v1.18 At begin shipout hook (HO)
Package: refcount 2016/05/16 v3.5 Data extraction from label references (HO)
Package: hycolor 2016/05/16 v1.8 Color options for hyperref/bookmark (HO)
)
(/usr/share/texlive/texmf-dist/tex/latex/oberdiek/auxhook.sty
Package: auxhook 2016/05/16 v1.4 Hooks for auxiliary files (HO)
)
\@linkdim=\dimen321
\Hy@linkcounter=\count473
\Hy@pagecounter=\count474

(/usr/share/texlive/texmf-dist/tex/latex/hyperref/pd1enc.def
File: pd1enc.def 2018/11/30 v6.88e Hyperref: PDFDocEncoding definition (HO)
Now handling font encoding PD1 ...
... no UTF-8 mapping file for font encoding PD1
)
\Hy@SavedSpaceFactor=\count475

(/usr/share/texlive/texmf-dist/tex/latex/latexconfig/hyperref.cfg
File: hyperref.cfg 2002/06/06 v1.2 hyperref configuration of TeXLive
)
Package hyperref Info: Hyper figures OFF on input line 4519.
Package hyperref Info: Link nesting OFF on input line 4524.
Package hyperref Info: Hyper index ON on input line 4527.
Package hyperref Info: Plain pages OFF on input line 4534.
Package hyperref Info: Backreferencing OFF on input line 4539.
Package hyperref Info: Implicit mode ON; LaTeX internals redefined.
Package hyperref Info: Bookmarks ON on input line 4772.
\c@Hy@tempcnt=\count476
LaTeX Info: Redefining \url on input line 5125.
\XeTeXLinkMargin=\dimen322
\Fld@menulength=\count477
\Field@Width=\dimen323
\Fld@charsize=\dimen324
Package hyperref Info: Hyper figures OFF on input line 6380.
Package hyperref Info: Link nesting OFF on input line 6385.
Package hyperref Info: Hyper index ON on input line 6388.
Package hyperref Info: backreferencing OFF on input line 6395.
Package hyperref Info: Link coloring OFF on input line 6400.
Package hyperref Info: Link coloring with OCG OFF on input line 6405.
Package hyperref Info: PDF/A mode OFF on input line 6410.
LaTeX Info: Redefining \ref on input line 6450.
LaTeX Info: Redefining \pageref on input line 6454.
\Hy@abspage=\count478
\c@Item=\count479
\c@Hfootnote=\count480
)
Package scrhack Info: hyperref hack deactivated because of
(scrhack)             detection of hyperref version, that doesn't
(scrhack)             need that hack, on input line 49.
Package hyperref Info: Driver (autodetected): hpdftex.

(/usr/share/texlive/texmf-dist/tex/latex/hyperref/hpdftex.def
File: hpdftex.def 2018/11/30 v6.88e Hyperref driver for pdfTeX
\Fld@listcount=\count481
\c@bookmark@seq@number=\count482

(/usr/share/texlive/texmf-dist/tex/latex/oberdiek/rerunfilecheck.sty
Package: rerunfilecheck 2016/05/16 v1.8 Rerun checks for auxiliary files (HO)
Package uniquecounter Info: New unique counter `rerunfilecheck' on input line 2
82.
)
\Hy@SectionHShift=\skip100
)
Package hyperref Info: Option `bookmarksopen' set `true' on input line 49.
Package hyperref Info: Option `hypertexnames' set `false' on input line 49.
Package hyperref Info: Option `colorlinks' set `true' on input line 49.
Package hyperref Info: Option `unicode' set `true' on input line 49.

(/usr/share/texlive/texmf-dist/tex/latex/hyperref/puenc.def
File: puenc.def 2018/11/30 v6.88e Hyperref: PDF Unicode definition (HO)
Now handling font encoding PU ...
... no UTF-8 mapping file for font encoding PU
)
Package hyperref Info: Option `breaklinks' set `true' on input line 49.
Package biblatex Info: Trying to load language 'english'...
Package biblatex Info: ... file 'english.lbx' found.

(/usr/share/texlive/texmf-dist/tex/latex/biblatex/lbx/english.lbx
File: english.lbx 2018/11/02 v3.12 biblatex localization (PK/MW)
)
Package csquotes Info: Checking for multilingual support...
Package csquotes Info: ... found 'babel' package.


LaTeX Warning: Unused global option(s):
    [tikz].

(./main.aux)
\openout1 = `main.aux'.

LaTeX Font Info:    Checking defaults for OML/cmm/m/it on input line 49.
LaTeX Font Info:    ... okay on input line 49.
LaTeX Font Info:    Checking defaults for T1/cmr/m/n on input line 49.
LaTeX Font Info:    ... okay on input line 49.
LaTeX Font Info:    Checking defaults for OT1/cmr/m/n on input line 49.
LaTeX Font Info:    ... okay on input line 49.
LaTeX Font Info:    Checking defaults for OMS/cmsy/m/n on input line 49.
LaTeX Font Info:    ... okay on input line 49.
LaTeX Font Info:    Checking defaults for OMX/cmex/m/n on input line 49.
LaTeX Font Info:    ... okay on input line 49.
LaTeX Font Info:    Checking defaults for U/cmr/m/n on input line 49.
LaTeX Font Info:    ... okay on input line 49.
LaTeX Font Info:    Checking defaults for PD1/pdf/m/n on input line 49.
LaTeX Font Info:    ... okay on input line 49.
LaTeX Font Info:    Checking defaults for PU/pdf/m/n on input line 49.
LaTeX Font Info:    ... okay on input line 49.
LaTeX Font Info:    Try loading font information for T1+ppl on input line 49.
 (/usr/share/texlive/texmf-dist/tex/latex/psnfss/t1ppl.fd
File: t1ppl.fd 2001/06/04 font definitions for T1/ppl.
)
Now handling font encoding TS1 ...
... processing UTF-8 mapping file for font encoding TS1

(/usr/share/texlive/texmf-dist/tex/latex/base/ts1enc.dfu
File: ts1enc.dfu 2018/10/05 v1.2f UTF-8 support for inputenc
   defining Unicode char U+00A2 (decimal 162)
   defining Unicode char U+00A3 (decimal 163)
   defining Unicode char U+00A4 (decimal 164)
   defining Unicode char U+00A5 (decimal 165)
   defining Unicode char U+00A6 (decimal 166)
   defining Unicode char U+00A7 (decimal 167)
   defining Unicode char U+00A8 (decimal 168)
   defining Unicode char U+00A9 (decimal 169)
   defining Unicode char U+00AA (decimal 170)
   defining Unicode char U+00AC (decimal 172)
   defining Unicode char U+00AE (decimal 174)
   defining Unicode char U+00AF (decimal 175)
   defining Unicode char U+00B0 (decimal 176)
   defining Unicode char U+00B1 (decimal 177)
   defining Unicode char U+00B2 (decimal 178)
   defining Unicode char U+00B3 (decimal 179)
   defining Unicode char U+00B4 (decimal 180)
   defining Unicode char U+00B5 (decimal 181)
   defining Unicode char U+00B6 (decimal 182)
   defining Unicode char U+00B7 (decimal 183)
   defining Unicode char U+00B9 (decimal 185)
   defining Unicode char U+00BA (decimal 186)
   defining Unicode char U+00BC (decimal 188)
   defining Unicode char U+00BD (decimal 189)
   defining Unicode char U+00BE (decimal 190)
   defining Unicode char U+00D7 (decimal 215)
   defining Unicode char U+00F7 (decimal 247)
   defining Unicode char U+0192 (decimal 402)
   defining Unicode char U+02C7 (decimal 711)
   defining Unicode char U+02D8 (decimal 728)
   defining Unicode char U+02DD (decimal 733)
   defining Unicode char U+0E3F (decimal 3647)
   defining Unicode char U+2016 (decimal 8214)
   defining Unicode char U+2020 (decimal 8224)
   defining Unicode char U+2021 (decimal 8225)
   defining Unicode char U+2022 (decimal 8226)
   defining Unicode char U+2030 (decimal 8240)
   defining Unicode char U+2031 (decimal 8241)
   defining Unicode char U+203B (decimal 8251)
   defining Unicode char U+203D (decimal 8253)
   defining Unicode char U+2044 (decimal 8260)
   defining Unicode char U+204E (decimal 8270)
   defining Unicode char U+2052 (decimal 8274)
   defining Unicode char U+20A1 (decimal 8353)
   defining Unicode char U+20A4 (decimal 8356)
   defining Unicode char U+20A6 (decimal 8358)
   defining Unicode char U+20A9 (decimal 8361)
   defining Unicode char U+20AB (decimal 8363)
   defining Unicode char U+20AC (decimal 8364)
   defining Unicode char U+20B1 (decimal 8369)
   defining Unicode char U+2103 (decimal 8451)
   defining Unicode char U+2116 (decimal 8470)
   defining Unicode char U+2117 (decimal 8471)
   defining Unicode char U+211E (decimal 8478)
   defining Unicode char U+2120 (decimal 8480)
   defining Unicode char U+2122 (decimal 8482)
   defining Unicode char U+2126 (decimal 8486)
   defining Unicode char U+2127 (decimal 8487)
   defining Unicode char U+212E (decimal 8494)
   defining Unicode char U+2190 (decimal 8592)
   defining Unicode char U+2191 (decimal 8593)
   defining Unicode char U+2192 (decimal 8594)
   defining Unicode char U+2193 (decimal 8595)
   defining Unicode char U+2329 (decimal 9001)
   defining Unicode char U+232A (decimal 9002)
   defining Unicode char U+2422 (decimal 9250)
   defining Unicode char U+25E6 (decimal 9702)
   defining Unicode char U+25EF (decimal 9711)
   defining Unicode char U+266A (decimal 9834)
   defining Unicode char U+FEFF (decimal 65279)
)
(/usr/share/texlive/texmf-dist/tex/latex/translator/translator-basic-dictionary
-English.dict
Dictionary: translator-basic-dictionary, Language: English 
)
(/usr/share/texlive/texmf-dist/tex/latex/siunitx/siunitx-abbreviations.cfg
File: siunitx-abbreviations.cfg 2017/11/26 v2.7k siunitx: Abbreviated units
)
(/usr/share/texlive/texmf-dist/tex/context/base/mkii/supp-pdf.mkii
[Loading MPS to PDF converter (version 2006.09.02).]
\scratchcounter=\count483
\scratchdimen=\dimen325
\scratchbox=\box79
\nofMPsegments=\count484
\nofMParguments=\count485
\everyMPshowfont=\toks51
\MPscratchCnt=\count486
\MPscratchDim=\dimen326
\MPnumerator=\count487
\makeMPintoPDFobject=\count488
\everyMPtoPDFconversion=\toks52
) (/usr/share/texlive/texmf-dist/tex/latex/oberdiek/epstopdf-base.sty
Package: epstopdf-base 2016/05/15 v2.6 Base part for package epstopdf

(/usr/share/texlive/texmf-dist/tex/latex/oberdiek/grfext.sty
Package: grfext 2016/05/16 v1.2 Manage graphics extensions (HO)
)
Package epstopdf-base Info: Redefining graphics rule for `.eps' on input line 4
38.
Package grfext Info: Graphics extension search list:
(grfext)             [.pdf,.png,.jpg,.mps,.jpeg,.jbig2,.jb2,.PDF,.PNG,.JPG,.JPE
G,.JBIG2,.JB2,.eps]
(grfext)             \AppendGraphicsExtensions on input line 456.

(/usr/share/texlive/texmf-dist/tex/latex/latexconfig/epstopdf-sys.cfg
File: epstopdf-sys.cfg 2010/07/13 v1.3 Configuration of (r)epstopdf for TeX Liv
e
))
Package caption Info: Begin \AtBeginDocument code.
Package caption Info: float package is loaded.
Package caption Info: hyperref package is loaded.
Package caption Info: rotating package is loaded.
Package caption Info: supertabular package is loaded.
Package caption Info: End \AtBeginDocument code.

*geometry* driver: auto-detecting
*geometry* detected driver: pdftex
*geometry* verbose mode - [ preamble ] result:
* driver: pdftex
* paper: <default>
* layout: <same size as paper>
* layoutoffset:(h,v)=(0.0pt,0.0pt)
* modes: includehead includefoot 
* h-part:(L,W,R)=(92.14519pt, 430.00462pt, 92.14519pt)
* v-part:(T,H,B)=(95.39737pt, 556.47656pt, 143.09605pt)
* \paperwidth=614.295pt
* \paperheight=794.96999pt
* \textwidth=430.00462pt
* \textheight=490.28154pt
* \oddsidemargin=19.8752pt
* \evensidemargin=19.8752pt
* \topmargin=23.12738pt
* \headheight=18.85828pt
* \headsep=19.8738pt
* \topskip=11.0pt
* \footskip=27.46295pt
* \marginparwidth=62.0pt
* \marginparsep=7.0pt
* \columnsep=10.0pt
* \skip\footins=10.0pt plus 4.0pt minus 2.0pt
* \hoffset=0.0pt
* \voffset=0.0pt
* \mag=1000
* \@twocolumnfalse
* \@twosidefalse
* \@mparswitchfalse
* \@reversemarginfalse
* (1in=72.27pt=25.4mm, 1cm=28.453pt)

Package scrlayer Info: Setting magic \footheight to \baselineskip while
(scrlayer)             \begin{document} on input line 49.
Package scrbase Info: activating english \abbrevname on input line 49.
Package scrbase Info: activating english \byname on input line 49.
Package scrbase Info: activating english \acknowledgementname on input line 49.

Package scrbase Info: activating english \authorshipname on input line 49.
Package scrbase Info: activating english \constantsname on input line 49.
Package scrbase Info: activating english \symbolsname on input line 49.
ABD: EveryShipout initializing macros
Package biblatex Info: Input encoding 'utf8' detected.
Package biblatex Info: Automatic encoding selection.
(biblatex)             Assuming data encoding 'utf8'.
Package biblatex Info: Input encoding 'utf8' specified.
Package biblatex Info: Data encoding 'utf8' specified.
(biblatex)             No need to reencode data.
\openout4 = `main-blx.bib'.

Package biblatex Info: Trying to load bibliographic data...
Package biblatex Info: ... file 'main.bbl' not found.

No file main.bbl.
Package biblatex Info: Reference section=0 on input line 49.
Package biblatex Info: Reference segment=0 on input line 49.
\AtBeginShipoutBox=\box80
Package hyperref Info: Link coloring ON on input line 49.
(/usr/share/texlive/texmf-dist/tex/latex/hyperref/nameref.sty
Package: nameref 2016/05/21 v2.44 Cross-referencing by name of section

(/usr/share/texlive/texmf-dist/tex/generic/oberdiek/gettitlestring.sty
Package: gettitlestring 2016/05/16 v1.5 Cleanup title references (HO)
)
\c@section@level=\count489
)
LaTeX Info: Redefining \ref on input line 49.
LaTeX Info: Redefining \pageref on input line 49.
LaTeX Info: Redefining \nameref on input line 49.

(./main.out) (./main.out)
\@outlinefile=\write8
\openout8 = `main.out'.

LaTeX Font Info:    Try loading font information for OT1+ppl on input line 49.

(/usr/share/texlive/texmf-dist/tex/latex/psnfss/ot1ppl.fd
File: ot1ppl.fd 2001/06/04 font definitions for OT1/ppl.
)
LaTeX Font Info:    Try loading font information for OML+zplm on input line 49.


(/usr/share/texlive/texmf-dist/tex/latex/psnfss/omlzplm.fd
File: omlzplm.fd 2002/09/08 Fontinst v1.914 font definitions for OML/zplm.
)
LaTeX Font Info:    Try loading font information for OMS+zplm on input line 49.


(/usr/share/texlive/texmf-dist/tex/latex/psnfss/omszplm.fd
File: omszplm.fd 2002/09/08 Fontinst v1.914 font definitions for OMS/zplm.
)
LaTeX Font Info:    Try loading font information for OMX+zplm on input line 49.


(/usr/share/texlive/texmf-dist/tex/latex/psnfss/omxzplm.fd
File: omxzplm.fd 2002/09/08 Fontinst v1.914 font definitions for OMX/zplm.
)
LaTeX Font Info:    Try loading font information for OT1+zplm on input line 49.


(/usr/share/texlive/texmf-dist/tex/latex/psnfss/ot1zplm.fd
File: ot1zplm.fd 2002/09/08 Fontinst v1.914 font definitions for OT1/zplm.
)
LaTeX Font Info:    Font shape `T1/ppl/bx/n' in size <12> not available
(Font)              Font shape `T1/ppl/b/n' tried instead on input line 53.
<fig/logo.png, id=139, 226.8475pt x 222.8325pt>
File: fig/logo.png Graphic file (type png)
<use fig/logo.png>
Package pdftex.def Info: fig/logo.png  used on input line 55.
(pdftex.def)             Requested size: 107.50114pt x 105.59833pt.
LaTeX Font Info:    Font shape `T1/ppl/bx/it' in size <12> not available
(Font)              Font shape `T1/ppl/b/it' tried instead on input line 70.

Underfull \hbox (badness 10000) in paragraph at lines 77--81

 []


Underfull \hbox (badness 10000) in paragraph at lines 84--87
\T1/ppl/m/n/12 Matricola
 []

[1

\openout6 = `main.ist'.


{/var/lib/texmf/fonts/map/pdftex/updmap/pdftex.map} <./fig/logo.png>]
LaTeX Font Info:    Font shape `T1/ppl/bx/n' in size <24.88> not available
(Font)              Font shape `T1/ppl/b/n' tried instead on input line 100.

(./main.toc)
\tf@toc=\write9
\openout9 = `main.toc'.


1: section
[1

]
Chapter 1.
LaTeX Font Info:    Font shape `T1/ppl/bx/n' in size <17.28> not available
(Font)              Font shape `T1/ppl/b/n' tried instead on input line 108.
1: section
[2

]
Chapter 2.
LaTeX Font Info:    Font shape `T1/ppl/bx/n' in size <14.4> not available
(Font)              Font shape `T1/ppl/b/n' tried instead on input line 124.
1: section
[3

]
Chapter 3.
1: section
[4

]
Chapter 4.
1: section
[5

]
Chapter 5.

LaTeX Warning: Citation '(' on page 6 undefined on input line 149.

LaTeX Font Info:    Font shape `T1/ppl/bx/n' in size <10.95> not available
(Font)              Font shape `T1/ppl/b/n' tried instead on input line 149.
Excluding 'comment' comment.
LaTeX Font Info:    Try loading font information for OMS+ppl on input line 175.


(/usr/share/texlive/texmf-dist/tex/latex/psnfss/omsppl.fd
File: omsppl.fd 
)
LaTeX Font Info:    Font shape `OMS/ppl/m/n' in size <10.95> not available
(Font)              Font shape `OMS/cmsy/m/n' tried instead on input line 175.
<fig/x.pdf, id=172, 1603.9925pt x 252.945pt>
File: fig/x.pdf Graphic file (type pdf)
<use fig/x.pdf>
Package pdftex.def Info: fig/x.pdf  used on input line 186.
(pdftex.def)             Requested size: 473.0077pt x 74.59111pt.

Overfull \hbox (43.00308pt too wide) in paragraph at lines 186--188
 [][] 
 []

LaTeX Font Info:    Font shape `T1/ppl/bx/n' in size <10> not available
(Font)              Font shape `T1/ppl/b/n' tried instead on input line 188.
1: section
[6

] Excluding 'comment' comment. (./q.gfa
Overfull \hbox (78.27486pt too wide) in paragraph at lines 21--21
[]\T1/ppl/m/n/10.95 P x 1+,3+,5+,6+,8+,9+,11+,12+,13+,15+,16+,18+,19+ 8M,1M,1M,
3M,1M,4M,5M,2M,8M,1M,4M,1M,11M 
 []

[7 <./fig/x.pdf>])
Package hyperref Info: bookmark level for unknown todo defaults to 0 on input l
ine 274.


LaTeX Warning: Citation 'goddijn2000genetic' on page 8 undefined on input line 
275.


LaTeX Warning: Citation 'zhang2009genetic' on page 8 undefined on input line 27
5.


Overfull \hbox (2.16544pt too wide) in paragraph at lines 275--276
\T1/ppl/m/n/10.95 ploi-dies, such as tri-somies or dele-tions of large chro-mo-
so-mal chunks ([],
 []


Underfull \hbox (badness 10000) in paragraph at lines 275--276

 []

[8]
Overfull \hbox (5.43407pt too wide) in paragraph at lines 283--284
[]\T1/ppl/m/n/10.95 Overall 29.5% of sam-ples were eu-ploid (Fig-ure [][]5.3[][
]) and could pro-ceed to whole-genome
 []

<fig/sampletocollectG.png, id=206, 845.1575pt x 635.37375pt>
File: fig/sampletocollectG.png Graphic file (type png)
<use fig/sampletocollectG.png>
Package pdftex.def Info: fig/sampletocollectG.png  used on input line 288.
(pdftex.def)             Requested size: 365.50655pt x 274.78568pt.
<fig/preseqOutcome.png, id=207, 711.1368pt x 711.1368pt>
File: fig/preseqOutcome.png Graphic file (type png)
<use fig/preseqOutcome.png>
Package pdftex.def Info: fig/preseqOutcome.png  used on input line 296.
(pdftex.def)             Requested size: 344.005pt x 344.00029pt.
[9 <./fig/sampletocollectG.png>] [10 <./fig/preseqOutcome.png (PNG copy)>]

LaTeX Warning: Citation 'rosenbloom2015ucsc' on page 11 undefined on input line
 311.


LaTeX Warning: Citation 'li2013aligning' on page 11 undefined on input line 311
.


LaTeX Warning: Citation 'li2009sequence' on page 11 undefined on input line 311
.


LaTeX Warning: Citation 'tarasov2015sambamba' on page 11 undefined on input lin
e 312.


LaTeX Warning: Citation 'garrison2012haplotype' on page 11 undefined on input l
ine 314.


Overfull \hbox (44.459pt too wide) in paragraph at lines 314--315
[]\T1/ppl/m/n/10.95 I used the re-fined bam file to per-form \T1/ppl/b/n/10.95 
vari-ant call-ing \T1/ppl/m/n/10.95 us-ing \T1/ppl/m/sc/10.95 free-bayes \T1/pp
l/m/n/10.95 ([])
 []


LaTeX Warning: Citation 'vcflib' on page 11 undefined on input line 325.


LaTeX Warning: Citation 'tan2015unified' on page 11 undefined on input line 326
.


LaTeX Warning: Citation 'tan2015unified' on page 11 undefined on input line 326
.


LaTeX Warning: Citation 'tan2015unified' on page 11 undefined on input line 327
.

[11]

LaTeX Warning: Citation '1000genome2015global' on page 12 undefined on input li
ne 330.


LaTeX Warning: Reference `tab:variantClassMean' on page 12 undefined on input l
ine 330.


Overfull \hbox (56.24657pt too wide) in paragraph at lines 330--331
\T1/ppl/m/n/10.95 num-ber cor-re-sponds to the ex-pec-ta-tion in in-di-vid-u-al
s of Eu-ro-pean an-ces-try( []).
 []


Underfull \hbox (badness 10000) in paragraph at lines 330--331

 []

Excluding 'comment' comment.
<fig/align-ref-vc.png, id=229, 1012.78375pt x 635.37375pt>
File: fig/align-ref-vc.png Graphic file (type png)
<use fig/align-ref-vc.png>
Package pdftex.def Info: fig/align-ref-vc.png  used on input line 376.
(pdftex.def)             Requested size: 279.50037pt x 175.34395pt.
<fig/vtNormalizeTan.png, id=230, 412.54124pt x 247.92625pt>
File: fig/vtNormalizeTan.png Graphic file (type png)
<use fig/vtNormalizeTan.png>
Package pdftex.def Info: fig/vtNormalizeTan.png  used on input line 384.
(pdftex.def)             Requested size: 279.50037pt x 167.97476pt.


LaTeX Warning: Citation 'tan2015unified' on page 12 undefined on input line 386
.


LaTeX Warning: Citation 'tan2015unified' on page 12 undefined on input line 386
.

[12 <./fig/align-ref-vc.png>]
<fig/vtDecompose.png, id=240, 290.08376pt x 130.4875pt>
File: fig/vtDecompose.png Graphic file (type png)
<use fig/vtDecompose.png>
Package pdftex.def Info: fig/vtDecompose.png  used on input line 392.
(pdftex.def)             Requested size: 215.0023pt x 96.71452pt.


LaTeX Warning: Citation 'tan2015unified' on page 13 undefined on input line 394
.

<fig/variantClass.png, id=241, 2106.87125pt x 2106.87125pt>
File: fig/variantClass.png Graphic file (type png)
<use fig/variantClass.png>
Package pdftex.def Info: fig/variantClass.png  used on input line 400.
(pdftex.def)             Requested size: 344.005pt x 343.98601pt.
[13 <./fig/vtNormalizeTan.png> <./fig/vtDecompose.png>]

LaTeX Warning: Citation 'mclaren2016ensembl' on page 14 undefined on input line
 412.


LaTeX Warning: Citation 'howe2020ensembl' on page 14 undefined on input line 41
2.

[14 <./fig/variantClass.png>] Excluding 'comment' comment.

LaTeX Warning: Reference `tab:csqVEP' on page 15 undefined on input line 468.


LaTeX Warning: Citation 'mclaren2016ensembl' on page 15 undefined on input line
 468.

Excluding 'comment' comment.
<fig/grid_cons.pdf, id=254, 995.72pt x 568.1225pt>
File: fig/grid_cons.pdf Graphic file (type pdf)
<use fig/grid_cons.pdf>
Package pdftex.def Info: fig/grid_cons.pdf  used on input line 503.
(pdftex.def)             Requested size: 430.00462pt x 245.3455pt.
 [15]
Underfull \hbox (badness 10000) in paragraph at lines 517--518

 []

LaTeX Font Info:    Try loading font information for T1+cmtt on input line 519.

(/usr/share/texlive/texmf-dist/tex/latex/base/t1cmtt.fd
File: t1cmtt.fd 2014/09/29 v2.5h Standard LaTeX font definitions
) [16 <./fig/grid_cons.pdf>]

LaTeX Warning: Citation '1000genome2015global' on page 17 undefined on input li
ne 521.


LaTeX Warning: Citation 'karczewskigenome' on page 17 undefined on input line 5
21.


Overfull \hbox (7.92624pt too wide) in paragraph at lines 521--522
\T1/ppl/m/n/10.95 only one. We con-sider \T1/ppl/b/n/10.95 al-lele fre-quency \
T1/ppl/m/n/10.95 in the 1000Genomes ([])
 []


LaTeX Warning: Reference `tab:csqVEP' on page 17 undefined on input line 522.


LaTeX Warning: Citation 'lek2016analysis' on page 17 undefined on input line 52
3.


Overfull \hbox (51.25198pt too wide) in paragraph at lines 523--524
[]\T1/ppl/b/n/10.95 pLI score. \T1/ppl/m/n/10.95 pLI is the prob-a-bil-ity of a
 gene of be-ing loss-of-function in-tol-er-ant ([]).
 []


LaTeX Warning: Citation 'kircher2014general' on page 17 undefined on input line
 524.


LaTeX Warning: Citation 'rentzsch2019cadd' on page 17 undefined on input line 5
24.


Overfull \hbox (31.68642pt too wide) in paragraph at lines 524--525
\T1/ppl/m/n/10.95 vived nat-u-ral se-lec-tion with sim-u-lated mu-ta-tions ([],
 []).
 []


LaTeX Warning: Citation 'blomen2015gene' on page 17 undefined on input line 525
.


LaTeX Warning: Citation 'wang2015identification' on page 17 undefined on input 
line 525.


LaTeX Warning: Citation 'hart2015high' on page 17 undefined on input line 525.


LaTeX Warning: Citation 'dawes2019gene' on page 17 undefined on input line 525.



LaTeX Warning: Citation 'firth2011deciphering' on page 17 undefined on input li
ne 525.


LaTeX Warning: Citation 'firth2009decipher' on page 17 undefined on input line 
525.


LaTeX Warning: Citation 'laisk2019genetic' on page 17 undefined on input line 5
25.


LaTeX Warning: Citation 'pereza2017systematic' on page 17 undefined on input li
ne 525.


LaTeX Warning: Citation 'qiao2016whole' on page 17 undefined on input line 525.



LaTeX Warning: Citation 'rull2012genetics' on page 17 undefined on input line 5
25.


LaTeX Warning: Citation 'colley2019potential' on page 17 undefined on input lin
e 525.


LaTeX Warning: Citation 'quintero2017novel' on page 17 undefined on input line 
525.


Overfull \hbox (45.35175pt too wide) in paragraph at lines 525--526
\T1/ppl/m/n/10.95 as-sign high pri-or-ity to vari-ants lo-cated in these sets o
f genes: 4651 es-sen-tial ([],
 []


Overfull \hbox (7.64189pt too wide) in paragraph at lines 525--526
[]\T1/ppl/m/n/10.95 , []); 3801 lethal ([]); genes in-volved
 []


Overfull \hbox (74.75276pt too wide) in paragraph at lines 525--526
\T1/ppl/m/n/10.95 in the em-by-onic de-vel-op-ment (GO:0009790); genes DDD ([],
 []);
 []


Overfull \hbox (68.19467pt too wide) in paragraph at lines 525--526
\T1/ppl/m/n/10.95 tained from lit-er-a-ture ([], [], [], [],
 []

[17]
LaTeX Font Info:    Font shape `T1/ppl/bx/it' in size <10.95> not available
(Font)              Font shape `T1/ppl/b/it' tried instead on input line 538.

Underfull \hbox (badness 10000) in paragraph at lines 559--560

 []

[18]
<fig/scriptPipeline.png, id=291, 948.54375pt x 697.60625pt>
File: fig/scriptPipeline.png Graphic file (type png)
<use fig/scriptPipeline.png>
Package pdftex.def Info: fig/scriptPipeline.png  used on input line 570.
(pdftex.def)             Requested size: 365.50655pt x 268.80809pt.
<fig/vep_example_output.PNG, id=292, 955.31906pt x 335.75438pt>
File: fig/vep_example_output.PNG Graphic file (type png)
<use fig/vep_example_output.PNG>
Package pdftex.def Info: fig/vep_example_output.PNG  used on input line 578.
(pdftex.def)             Requested size: 430.00462pt x 151.12906pt.
<fig/script_rawFiltering_homozygous.PNG, id=293, 505.13719pt x 295.1025pt>
File: fig/script_rawFiltering_homozygous.PNG Graphic file (type png)
<use fig/script_rawFiltering_homozygous.PNG>
Package pdftex.def Info: fig/script_rawFiltering_homozygous.PNG  used on input 
line 587.
(pdftex.def)             Requested size: 365.50655pt x 213.5318pt.
 [19 <./fig/scriptPipeline.png>]
<fig/script_rawFiltering_CellEmbryo.PNG, id=302, 455.45157pt x 277.035pt>
File: fig/script_rawFiltering_CellEmbryo.PNG Graphic file (type png)
<use fig/script_rawFiltering_CellEmbryo.PNG>
Package pdftex.def Info: fig/script_rawFiltering_CellEmbryo.PNG  used on input 
line 595.
(pdftex.def)             Requested size: 365.50655pt x 222.33pt.
 [20 <./fig/vep_example_output.PNG> <./fig/script_rawFiltering_homozygous.PNG>]
<fig/script_rawFiltering_geneList.PNG, id=309, 499.8675pt x 307.90031pt>
File: fig/script_rawFiltering_geneList.PNG Graphic file (type png)
<use fig/script_rawFiltering_geneList.PNG>
Package pdftex.def Info: fig/script_rawFiltering_geneList.PNG  used on input li
ne 603.
(pdftex.def)             Requested size: 322.50346pt x 198.6576pt.
 [21 <./fig/script_rawFiltering_CellEmbryo.PNG>]
<fig/script_rawFiltering_CellEmbryo_homozygous.png, id=315, 316.5426pt x 198.01
98pt>
File: fig/script_rawFiltering_CellEmbryo_homozygous.png Graphic file (type png)

<use fig/script_rawFiltering_CellEmbryo_homozygous.png>
Package pdftex.def Info: fig/script_rawFiltering_CellEmbryo_homozygous.png  use
d on input line 611.
(pdftex.def)             Requested size: 322.50346pt x 201.75392pt.
 [22 <./fig/script_rawFiltering_geneList.PNG>]

LaTeX Warning: Reference `tab:overlapping' on page 23 undefined on input line 6
23.

Excluding 'comment' comment.
<fig/gene_ahnak2.png, id=322, 688.07062pt x 19.57312pt>
File: fig/gene_ahnak2.png Graphic file (type png)
<use fig/gene_ahnak2.png>
Package pdftex.def Info: fig/gene_ahnak2.png  used on input line 652.
(pdftex.def)             Requested size: 430.00462pt x 12.23196pt.
 [23 <./fig/script_rawFiltering_CellEmbryo_homozygous.png> <./fig/gene_ahnak2.p
ng>]
Chapter 6.
1: section
[24

]
Chapter 7.

Underfull \hbox (badness 10000) in paragraph at lines 676--681

 []

1: section
[25

]
Underfull \hbox (badness 10000) in paragraph at lines 734--735

 []


LaTeX Warning: Citation 'garrison2020' on page 26 undefined on input line 750.

[26] [27]

LaTeX Warning: Citation 'rosenbloom2015ucsc' on page 28 undefined on input line
 776.


Overfull \hbox (57.50609pt too wide) in paragraph at lines 776--777
\T1/ppl/m/n/10.95 Reads in the fastq file were aligned against the ref-er-ence 
genome GRChg38.p12 ([])
 []

[28]
Overfull \hbox (12.69942pt too wide) in paragraph at lines 826--827
\T1/ppl/m/n/10.95 er-ence for each sam-ple. We have choose FREE-BAYES ([][]$\T1
/cmtt/m/n/10.95 https : / / github . com / ekg / freebayes$[][]\T1/ppl/m/n/10.9
5 )
 []

[29]
Overfull \hbox (2.33339pt too wide) in paragraph at lines 837--838
[]\T1/ppl/m/n/10.95 Bgzip ([][]$\T1/cmtt/m/n/10.95 https : / / www . htslib . o
rg / doc / bgzip . html # DESCRIPTION$[][]\T1/ppl/m/n/10.95 ) com-presses files
 into
 []


Overfull \hbox (0.4553pt too wide) in paragraph at lines 854--856
[]\T1/ppl/b/n/10.95 Variant Ef-fect Pre-dic-tor. \T1/ppl/m/n/10.95 VEP ([][]$\T
1/cmtt/m/n/10.95 https : / / grch37 . ensembl . org / info / docs / tools / vep
 /
 []

[30]
No file main.gls.

LaTeX Warning: Empty bibliography on input line 886.

[31]
--------------------
 Acknowledgements
--------------------
1: section
[32

]
Package atveryend Info: Empty hook `BeforeClearDocument' on input line 899.
Package atveryend Info: Empty hook `AfterLastShipout' on input line 899.
 (./main.aux)
Package atveryend Info: Executing hook `AtVeryEndDocument' on input line 899.
Package atveryend Info: Executing hook `AtEndAfterFileList' on input line 899.
Package rerunfilecheck Info: File `main.out' has not changed.
(rerunfilecheck)             Checksum: 64F80A018332EA59654434E321B67F4F;7189.


LaTeX Warning: There were undefined references.


LaTeX Warning: Label(s) may have changed. Rerun to get cross-references right.


Package biblatex Warning: Please (re)run BibTeX on the file(s):
(biblatex)                main
(biblatex)                and rerun LaTeX afterwards.

Package logreq Info: Writing requests to 'main.run.xml'.
\openout1 = `main.run.xml'.

 ) 
Here is how much of TeX's memory you used:
 53324 strings out of 494477
 1083776 string characters out of 6175716
 1497200 words of memory out of 5000000
 56209 multiletter control sequences out of 15000+600000
 576146 words of font info for 90 fonts, out of 8000000 for 9000
 59 hyphenation exceptions out of 8191
 73i,20n,85p,1989b,2143s stack positions out of 5000i,500n,10000p,200000b,80000s
 </home/flavia/.texlive2019/texmf-var/fonts/pk/ljfour/jknappen/ec/ectt1095.60
0pk>{/usr/share/texlive/texmf-dist/fonts/enc/dvips/base/8r.enc}</usr/share/texl
ive/texmf-dist/fonts/type1/public/amsfonts/cm/cmsy10.pfb></usr/share/texlive/te
xmf-dist/fonts/type1/urw/palatino/uplb8a.pfb></usr/share/texlive/texmf-dist/fon
ts/type1/urw/palatino/uplbi8a.pfb></usr/share/texlive/texmf-dist/fonts/type1/ur
w/palatino/uplr8a.pfb></usr/share/texlive/texmf-dist/fonts/type1/urw/palatino/u
plr8a.pfb></usr/share/texlive/texmf-dist/fonts/type1/urw/palatino/uplri8a.pfb>
Output written on main.pdf (33 pages, 1497551 bytes).
PDF statistics:
 506 PDF objects out of 1000 (max. 8388607)
 336 compressed objects within 4 object streams
 79 named destinations out of 1000 (max. 500000)
 405 words of extra memory for PDF output out of 10000 (max. 10000000)

